Using pre-set license
Built from '2020.3/staging' branch; Version is '2020.3.17f1 (a4537701e4ab) revision 10769271'; Using compiler version '192528614'; Build Type 'Release'
OS: 'Windows 10 Home; OS build 19042.1466; Version 2009; 64bit' Language: 'en' Physical Memory: 15776 MB
BatchMode: 1, IsHumanControllingUs: 0, StartBugReporterOnCrash: 0, Is64bit: 1, IsPro: 0

COMMAND LINE ARGUMENTS:
C:\Program Files\Unity\Hub\Editor\2020.3.17f1\Editor\Unity.exe
-adb2
-batchMode
-noUpm
-name
AssetImportWorker0
-projectPath
C:/gdd_spring_berkeley
-logFile
Logs/AssetImportWorker0.log
-srvPort
64733
Successfully changed project path to: C:/gdd_spring_berkeley
C:/gdd_spring_berkeley
Using Asset Import Pipeline V2.
Refreshing native plugins compatible for Editor in 121.50 ms, found 2 plugins.
Preloading 0 native plugins for Editor in 0.00 ms.
Initialize engine version: 2020.3.17f1 (a4537701e4ab)
[Subsystems] Discovering subsystems at path C:/Program Files/Unity/Hub/Editor/2020.3.17f1/Editor/Data/Resources/UnitySubsystems
[Subsystems] Discovering subsystems at path C:/gdd_spring_berkeley/Assets
GfxDevice: creating device client; threaded=0
Direct3D:
    Version:  Direct3D 11.0 [level 11.1]
    Renderer: NVIDIA GeForce RTX 3060 Laptop GPU (ID=0x2520)
    Vendor:   
    VRAM:     6023 MB
    Driver:   30.0.15.1123
Shader 'BOXOPHOBIC/Polyverse Skies/Simple': fallback shader 'False' not found
Shader 'BOXOPHOBIC/Polyverse Skies/Standard': fallback shader 'False' not found
Initialize mono
Mono path[0] = 'C:/Program Files/Unity/Hub/Editor/2020.3.17f1/Editor/Data/Managed'
Mono path[1] = 'C:/Program Files/Unity/Hub/Editor/2020.3.17f1/Editor/Data/MonoBleedingEdge/lib/mono/unityjit'
Mono config path = 'C:/Program Files/Unity/Hub/Editor/2020.3.17f1/Editor/Data/MonoBleedingEdge/etc'
Using monoOptions --debugger-agent=transport=dt_socket,embedding=1,server=y,suspend=n,address=127.0.0.1:56304
Begin MonoManager ReloadAssembly
Registering precompiled unity dll's ...
Register platform support module: C:/Program Files/Unity/Hub/Editor/2020.3.17f1/Editor/Data/PlaybackEngines/WindowsStandaloneSupport/UnityEditor.WindowsStandalone.Extensions.dll
Registered in 0.001532 seconds.
Native extension for WindowsStandalone target not found
Refreshing native plugins compatible for Editor in 116.68 ms, found 2 plugins.
Preloading 0 native plugins for Editor in 0.00 ms.
Mono: successfully reloaded assembly
- Completed reload, in  1.569 seconds
Domain Reload Profiling:
	ReloadAssembly (1569ms)
		BeginReloadAssembly (38ms)
			ExecutionOrderSort (0ms)
			DisableScriptedObjects (0ms)
			BackupInstance (0ms)
			ReleaseScriptingObjects (0ms)
			CreateAndSetChildDomain (1ms)
		EndReloadAssembly (387ms)
			LoadAssemblies (36ms)
			RebuildTransferFunctionScriptingTraits (0ms)
			SetupTypeCache (99ms)
			ReleaseScriptCaches (0ms)
			RebuildScriptCaches (21ms)
			SetupLoadedEditorAssemblies (212ms)
				LogAssemblyErrors (0ms)
				InitializePlatformSupportModulesInManaged (3ms)
				SetLoadedEditorAssemblies (0ms)
				RefreshPlugins (117ms)
				BeforeProcessingInitializeOnLoad (13ms)
				ProcessInitializeOnLoadAttributes (59ms)
				ProcessInitializeOnLoadMethodAttributes (20ms)
				AfterProcessingInitializeOnLoad (0ms)
				EditorAssembliesLoaded (0ms)
			ExecutionOrderSort2 (0ms)
			AwakeInstancesAfterBackupRestoration (0ms)
Platform modules already initialized, skipping
Registering precompiled user dll's ...
Registered in 0.004757 seconds.
Begin MonoManager ReloadAssembly
Native extension for WindowsStandalone target not found
Refreshing native plugins compatible for Editor in 125.58 ms, found 2 plugins.
Preloading 0 native plugins for Editor in 0.00 ms.
Mono: successfully reloaded assembly
- Completed reload, in  1.410 seconds
Domain Reload Profiling:
	ReloadAssembly (1411ms)
		BeginReloadAssembly (101ms)
			ExecutionOrderSort (0ms)
			DisableScriptedObjects (3ms)
			BackupInstance (0ms)
			ReleaseScriptingObjects (0ms)
			CreateAndSetChildDomain (17ms)
		EndReloadAssembly (1265ms)
			LoadAssemblies (74ms)
			RebuildTransferFunctionScriptingTraits (0ms)
			SetupTypeCache (219ms)
			ReleaseScriptCaches (1ms)
			RebuildScriptCaches (43ms)
			SetupLoadedEditorAssemblies (841ms)
				LogAssemblyErrors (0ms)
				InitializePlatformSupportModulesInManaged (3ms)
				SetLoadedEditorAssemblies (0ms)
				RefreshPlugins (126ms)
				BeforeProcessingInitializeOnLoad (70ms)
				ProcessInitializeOnLoadAttributes (634ms)
				ProcessInitializeOnLoadMethodAttributes (3ms)
				AfterProcessingInitializeOnLoad (5ms)
				EditorAssembliesLoaded (0ms)
			ExecutionOrderSort2 (0ms)
			AwakeInstancesAfterBackupRestoration (5ms)
Platform modules already initialized, skipping
========================================================================
Worker process is ready to serve import requests
Shader 'BOXOPHOBIC/Polyverse Skies/Simple': fallback shader 'False' not found
Shader 'BOXOPHOBIC/Polyverse Skies/Standard': fallback shader 'False' not found
Launched and connected shader compiler UnityShaderCompiler.exe after 0.06 seconds
Refreshing native plugins compatible for Editor in 3.20 ms, found 2 plugins.
Preloading 0 native plugins for Editor in 0.00 ms.
Unloading 3258 Unused Serialized files (Serialized files now loaded: 0)
System memory in use before: 154.3 MB.
System memory in use after: 154.5 MB.

Unloading 21 unused Assets to reduce memory usage. Loaded Objects now: 3694.
Total: 3.399400 ms (FindLiveObjects: 0.404600 ms CreateObjectMapping: 0.098300 ms MarkObjects: 2.815500 ms  DeleteObjects: 0.080100 ms)

AssetImportParameters requested are different than current active one (requested -> active):
  custom:framework-win-MediaFoundation: 216162199b28c13a410421893ffa2e32 -> 
  custom:video-decoder-ogg-theora: a1e56fd34408186e4bbccfd4996cb3dc -> 
  custom:container-muxer-webm: aa71ff27fc2769a1b78a27578f13a17b -> 
  custom:container-demuxer-webm: 4f35f7cbe854078d1ac9338744f61a02 -> 
  custom:container-demuxer-ogg: 62fdf1f143b41e24485cea50d1cbac27 -> 
  custom:video-encoder-webm-vp8: eb34c28f22e8b96e1ab97ce403110664 -> 
  custom:video-codec-MediaFoundation-h265: 746d11721c4dcdbdad8f713fa42b33f4 -> 
  custom:video-decoder-webm-vp8: 9c59270c3fd7afecdb556c50c9e8de78 -> 
  custom:audio-decoder-ogg-vorbis: bf7c407c2cedff20999df2af8eb42d56 -> 
  custom:audio-encoder-webm-vorbis: bf7c407c2cedff20999df2af8eb42d56 -> 
========================================================================
Received Prepare
Shader 'BOXOPHOBIC/Polyverse Skies/Simple': fallback shader 'False' not found
Shader 'BOXOPHOBIC/Polyverse Skies/Standard': fallback shader 'False' not found
Refreshing native plugins compatible for Editor in 4.27 ms, found 2 plugins.
Preloading 0 native plugins for Editor in 0.00 ms.
Unloading 13 Unused Serialized files (Serialized files now loaded: 0)
System memory in use before: 83.3 MB.
System memory in use after: 83.5 MB.

Unloading 13 unused Assets to reduce memory usage. Loaded Objects now: 3694.
Total: 3.354700 ms (FindLiveObjects: 0.344300 ms CreateObjectMapping: 0.177700 ms MarkObjects: 2.820100 ms  DeleteObjects: 0.011800 ms)

AssetImportParameters requested are different than current active one (requested -> active):
  custom:framework-win-MediaFoundation: 216162199b28c13a410421893ffa2e32 -> 
  custom:video-decoder-ogg-theora: a1e56fd34408186e4bbccfd4996cb3dc -> 
  custom:container-muxer-webm: aa71ff27fc2769a1b78a27578f13a17b -> 
  custom:container-demuxer-webm: 4f35f7cbe854078d1ac9338744f61a02 -> 
  custom:container-demuxer-ogg: 62fdf1f143b41e24485cea50d1cbac27 -> 
  custom:video-encoder-webm-vp8: eb34c28f22e8b96e1ab97ce403110664 -> 
  custom:video-codec-MediaFoundation-h265: 746d11721c4dcdbdad8f713fa42b33f4 -> 
  custom:video-decoder-webm-vp8: 9c59270c3fd7afecdb556c50c9e8de78 -> 
  custom:audio-decoder-ogg-vorbis: bf7c407c2cedff20999df2af8eb42d56 -> 
  custom:audio-encoder-webm-vorbis: bf7c407c2cedff20999df2af8eb42d56 -> 
========================================================================
Received Import Request.
  path: Assets/Scripts/StateManager.cs
  artifactKey: Guid(6c908f51dd8957e43a9203e5b1f7c2c2) Importer(815301076,1909f56bfc062723c751e8b465ee728b)
Start importing Assets/Scripts/StateManager.cs using Guid(6c908f51dd8957e43a9203e5b1f7c2c2) Importer(815301076,1909f56bfc062723c751e8b465ee728b)  -> (artifact id: 'b5b46b052547454b6b4428357adb8937') in 0.021838 seconds 
  Import took 0.027453 seconds .

========================================================================
Received Import Request.
  Time since last request: 0.000940 seconds.
  path: Assets/Scripts/StateManager.cs
  artifactKey: Guid(6c908f51dd8957e43a9203e5b1f7c2c2) Importer(815301076,1909f56bfc062723c751e8b465ee728b)
Start importing Assets/Scripts/StateManager.cs using Guid(6c908f51dd8957e43a9203e5b1f7c2c2) Importer(815301076,1909f56bfc062723c751e8b465ee728b)  -> (artifact id: 'b5b46b052547454b6b4428357adb8937') in 0.002189 seconds 
  Import took 0.006910 seconds .

========================================================================
Received Import Request.
  Time since last request: 0.070057 seconds.
  path: Assets/Player.cs
  artifactKey: Guid(38d8a3d7941aa9c4cbf05b90dc4cf4b2) Importer(815301076,1909f56bfc062723c751e8b465ee728b)
Start importing Assets/Player.cs using Guid(38d8a3d7941aa9c4cbf05b90dc4cf4b2) Importer(815301076,1909f56bfc062723c751e8b465ee728b)  -> (artifact id: '593a6a5ff93e617d57c7d6d7c86be55f') in 0.004877 seconds 
  Import took 0.010029 seconds .

========================================================================
Received Import Request.
  Time since last request: 0.015078 seconds.
  path: Assets/Player.cs
  artifactKey: Guid(38d8a3d7941aa9c4cbf05b90dc4cf4b2) Importer(815301076,1909f56bfc062723c751e8b465ee728b)
Start importing Assets/Player.cs using Guid(38d8a3d7941aa9c4cbf05b90dc4cf4b2) Importer(815301076,1909f56bfc062723c751e8b465ee728b)  -> (artifact id: '593a6a5ff93e617d57c7d6d7c86be55f') in 0.002147 seconds 
  Import took 0.007255 seconds .

========================================================================
Received Prepare
Registering precompiled user dll's ...
Registered in 0.004652 seconds.
Begin MonoManager ReloadAssembly
Native extension for WindowsStandalone target not found
Refreshing native plugins compatible for Editor in 1.81 ms, found 2 plugins.
Preloading 0 native plugins for Editor in 0.00 ms.
Mono: successfully reloaded assembly
- Completed reload, in  0.919 seconds
Domain Reload Profiling:
	ReloadAssembly (919ms)
		BeginReloadAssembly (99ms)
			ExecutionOrderSort (0ms)
			DisableScriptedObjects (3ms)
			BackupInstance (0ms)
			ReleaseScriptingObjects (0ms)
			CreateAndSetChildDomain (36ms)
		EndReloadAssembly (778ms)
			LoadAssemblies (69ms)
			RebuildTransferFunctionScriptingTraits (0ms)
			SetupTypeCache (203ms)
			ReleaseScriptCaches (1ms)
			RebuildScriptCaches (31ms)
			SetupLoadedEditorAssemblies (401ms)
				LogAssemblyErrors (0ms)
				InitializePlatformSupportModulesInManaged (3ms)
				SetLoadedEditorAssemblies (0ms)
				RefreshPlugins (2ms)
				BeforeProcessingInitializeOnLoad (69ms)
				ProcessInitializeOnLoadAttributes (319ms)
				ProcessInitializeOnLoadMethodAttributes (3ms)
				AfterProcessingInitializeOnLoad (5ms)
				EditorAssembliesLoaded (0ms)
			ExecutionOrderSort2 (0ms)
			AwakeInstancesAfterBackupRestoration (7ms)
Platform modules already initialized, skipping
Shader 'BOXOPHOBIC/Polyverse Skies/Simple': fallback shader 'False' not found
Shader 'BOXOPHOBIC/Polyverse Skies/Standard': fallback shader 'False' not found
Refreshing native plugins compatible for Editor in 1.73 ms, found 2 plugins.
Preloading 0 native plugins for Editor in 0.00 ms.
Unloading 3128 Unused Serialized files (Serialized files now loaded: 0)
System memory in use before: 145.1 MB.
System memory in use after: 145.3 MB.

Unloading 16 unused Assets to reduce memory usage. Loaded Objects now: 3696.
Total: 3.518600 ms (FindLiveObjects: 0.307100 ms CreateObjectMapping: 0.159900 ms MarkObjects: 3.014400 ms  DeleteObjects: 0.036400 ms)

AssetImportParameters requested are different than current active one (requested -> active):
  custom:framework-win-MediaFoundation: 216162199b28c13a410421893ffa2e32 -> 
  custom:video-decoder-ogg-theora: a1e56fd34408186e4bbccfd4996cb3dc -> 
  custom:container-muxer-webm: aa71ff27fc2769a1b78a27578f13a17b -> 
  custom:container-demuxer-webm: 4f35f7cbe854078d1ac9338744f61a02 -> 
  custom:container-demuxer-ogg: 62fdf1f143b41e24485cea50d1cbac27 -> 
  custom:video-encoder-webm-vp8: eb34c28f22e8b96e1ab97ce403110664 -> 
  custom:video-codec-MediaFoundation-h265: 746d11721c4dcdbdad8f713fa42b33f4 -> 
  custom:video-decoder-webm-vp8: 9c59270c3fd7afecdb556c50c9e8de78 -> 
  custom:audio-decoder-ogg-vorbis: bf7c407c2cedff20999df2af8eb42d56 -> 
  custom:audio-encoder-webm-vorbis: bf7c407c2cedff20999df2af8eb42d56 -> 
========================================================================
Received Import Request.
  Time since last request: 10.072975 seconds.
  path: Assets/Scripts/State.cs
  artifactKey: Guid(c57652ec75aaab645b42eebd797f2840) Importer(815301076,1909f56bfc062723c751e8b465ee728b)
Start importing Assets/Scripts/State.cs using Guid(c57652ec75aaab645b42eebd797f2840) Importer(815301076,1909f56bfc062723c751e8b465ee728b)  -> (artifact id: '16fda0df5363fc05b711eab6f6b9c4c4') in 0.008997 seconds 
  Import took 0.014619 seconds .

========================================================================
Received Import Request.
  Time since last request: 20.163887 seconds.
  path: Assets/Scripts/SimpleCameraController.cs
  artifactKey: Guid(be76e5f14cfee674cb30b491fb72b09b) Importer(815301076,1909f56bfc062723c751e8b465ee728b)
Start importing Assets/Scripts/SimpleCameraController.cs using Guid(be76e5f14cfee674cb30b491fb72b09b) Importer(815301076,1909f56bfc062723c751e8b465ee728b)  -> (artifact id: '22f43657664d19fbc476a42e0fad91a9') in 0.005148 seconds 
  Import took 0.010511 seconds .

========================================================================
Received Import Request.
  Time since last request: 0.000489 seconds.
  path: Assets/Scripts/SimpleCameraController.cs
  artifactKey: Guid(be76e5f14cfee674cb30b491fb72b09b) Importer(815301076,1909f56bfc062723c751e8b465ee728b)
Start importing Assets/Scripts/SimpleCameraController.cs using Guid(be76e5f14cfee674cb30b491fb72b09b) Importer(815301076,1909f56bfc062723c751e8b465ee728b)  -> (artifact id: '22f43657664d19fbc476a42e0fad91a9') in 0.001846 seconds 
  Import took 0.006934 seconds .

========================================================================
Received Import Request.
  Time since last request: 82.883628 seconds.
  path: Assets/Scripts/Enemy.cs
  artifactKey: Guid(29f8d525c4af3ac45b9dc70d80e286ab) Importer(815301076,1909f56bfc062723c751e8b465ee728b)
Start importing Assets/Scripts/Enemy.cs using Guid(29f8d525c4af3ac45b9dc70d80e286ab) Importer(815301076,1909f56bfc062723c751e8b465ee728b)  -> (artifact id: '4102093b7c4ec0426f1abf12b0907947') in 0.006870 seconds 
  Import took 0.015667 seconds .

========================================================================
Received Import Request.
  Time since last request: 0.007522 seconds.
  path: Assets/Scripts/Enemy.cs
  artifactKey: Guid(29f8d525c4af3ac45b9dc70d80e286ab) Importer(815301076,1909f56bfc062723c751e8b465ee728b)
Start importing Assets/Scripts/Enemy.cs using Guid(29f8d525c4af3ac45b9dc70d80e286ab) Importer(815301076,1909f56bfc062723c751e8b465ee728b)  -> (artifact id: '4102093b7c4ec0426f1abf12b0907947') in 0.003107 seconds 
  Import took 0.011634 seconds .

========================================================================
Received Prepare
Registering precompiled user dll's ...
Registered in 0.005790 seconds.
Begin MonoManager ReloadAssembly
Native extension for WindowsStandalone target not found
Refreshing native plugins compatible for Editor in 2.14 ms, found 2 plugins.
Preloading 0 native plugins for Editor in 0.00 ms.
Mono: successfully reloaded assembly
- Completed reload, in  1.289 seconds
Domain Reload Profiling:
	ReloadAssembly (1290ms)
		BeginReloadAssembly (145ms)
			ExecutionOrderSort (0ms)
			DisableScriptedObjects (9ms)
			BackupInstance (0ms)
			ReleaseScriptingObjects (0ms)
			CreateAndSetChildDomain (57ms)
		EndReloadAssembly (1084ms)
			LoadAssemblies (104ms)
			RebuildTransferFunctionScriptingTraits (0ms)
			SetupTypeCache (288ms)
			ReleaseScriptCaches (2ms)
			RebuildScriptCaches (44ms)
			SetupLoadedEditorAssemblies (554ms)
				LogAssemblyErrors (0ms)
				InitializePlatformSupportModulesInManaged (4ms)
				SetLoadedEditorAssemblies (1ms)
				RefreshPlugins (2ms)
				BeforeProcessingInitializeOnLoad (82ms)
				ProcessInitializeOnLoadAttributes (452ms)
				ProcessInitializeOnLoadMethodAttributes (4ms)
				AfterProcessingInitializeOnLoad (8ms)
				EditorAssembliesLoaded (1ms)
			ExecutionOrderSort2 (0ms)
			AwakeInstancesAfterBackupRestoration (11ms)
Platform modules already initialized, skipping
Shader 'BOXOPHOBIC/Polyverse Skies/Simple': fallback shader 'False' not found
Shader 'BOXOPHOBIC/Polyverse Skies/Standard': fallback shader 'False' not found
Refreshing native plugins compatible for Editor in 2.13 ms, found 2 plugins.
Preloading 0 native plugins for Editor in 0.00 ms.
Unloading 3129 Unused Serialized files (Serialized files now loaded: 0)
System memory in use before: 145.2 MB.
System memory in use after: 145.4 MB.

Unloading 16 unused Assets to reduce memory usage. Loaded Objects now: 3699.
Total: 5.050100 ms (FindLiveObjects: 0.641600 ms CreateObjectMapping: 0.248700 ms MarkObjects: 4.128800 ms  DeleteObjects: 0.029200 ms)

AssetImportParameters requested are different than current active one (requested -> active):
  custom:framework-win-MediaFoundation: 216162199b28c13a410421893ffa2e32 -> 
  custom:video-decoder-ogg-theora: a1e56fd34408186e4bbccfd4996cb3dc -> 
  custom:container-muxer-webm: aa71ff27fc2769a1b78a27578f13a17b -> 
  custom:container-demuxer-webm: 4f35f7cbe854078d1ac9338744f61a02 -> 
  custom:container-demuxer-ogg: 62fdf1f143b41e24485cea50d1cbac27 -> 
  custom:video-encoder-webm-vp8: eb34c28f22e8b96e1ab97ce403110664 -> 
  custom:video-codec-MediaFoundation-h265: 746d11721c4dcdbdad8f713fa42b33f4 -> 
  custom:video-decoder-webm-vp8: 9c59270c3fd7afecdb556c50c9e8de78 -> 
  custom:audio-decoder-ogg-vorbis: bf7c407c2cedff20999df2af8eb42d56 -> 
  custom:audio-encoder-webm-vorbis: bf7c407c2cedff20999df2af8eb42d56 -> 
========================================================================
Received Prepare
Registering precompiled user dll's ...
Registered in 0.005510 seconds.
Begin MonoManager ReloadAssembly
Native extension for WindowsStandalone target not found
Refreshing native plugins compatible for Editor in 2.00 ms, found 2 plugins.
Preloading 0 native plugins for Editor in 0.00 ms.
Mono: successfully reloaded assembly
- Completed reload, in  1.137 seconds
Domain Reload Profiling:
	ReloadAssembly (1138ms)
		BeginReloadAssembly (114ms)
			ExecutionOrderSort (0ms)
			DisableScriptedObjects (4ms)
			BackupInstance (0ms)
			ReleaseScriptingObjects (0ms)
			CreateAndSetChildDomain (44ms)
		EndReloadAssembly (973ms)
			LoadAssemblies (84ms)
			RebuildTransferFunctionScriptingTraits (0ms)
			SetupTypeCache (257ms)
			ReleaseScriptCaches (1ms)
			RebuildScriptCaches (40ms)
			SetupLoadedEditorAssemblies (504ms)
				LogAssemblyErrors (0ms)
				InitializePlatformSupportModulesInManaged (4ms)
				SetLoadedEditorAssemblies (0ms)
				RefreshPlugins (2ms)
				BeforeProcessingInitializeOnLoad (80ms)
				ProcessInitializeOnLoadAttributes (409ms)
				ProcessInitializeOnLoadMethodAttributes (4ms)
				AfterProcessingInitializeOnLoad (5ms)
				EditorAssembliesLoaded (0ms)
			ExecutionOrderSort2 (0ms)
			AwakeInstancesAfterBackupRestoration (8ms)
Platform modules already initialized, skipping
Shader 'BOXOPHOBIC/Polyverse Skies/Simple': fallback shader 'False' not found
Shader 'BOXOPHOBIC/Polyverse Skies/Standard': fallback shader 'False' not found
Refreshing native plugins compatible for Editor in 2.15 ms, found 2 plugins.
Preloading 0 native plugins for Editor in 0.00 ms.
Unloading 3129 Unused Serialized files (Serialized files now loaded: 0)
System memory in use before: 145.2 MB.
System memory in use after: 145.4 MB.

Unloading 16 unused Assets to reduce memory usage. Loaded Objects now: 3701.
Total: 4.962400 ms (FindLiveObjects: 0.419400 ms CreateObjectMapping: 0.202000 ms MarkObjects: 4.303600 ms  DeleteObjects: 0.035600 ms)

AssetImportParameters requested are different than current active one (requested -> active):
  custom:framework-win-MediaFoundation: 216162199b28c13a410421893ffa2e32 -> 
  custom:video-decoder-ogg-theora: a1e56fd34408186e4bbccfd4996cb3dc -> 
  custom:container-muxer-webm: aa71ff27fc2769a1b78a27578f13a17b -> 
  custom:container-demuxer-webm: 4f35f7cbe854078d1ac9338744f61a02 -> 
  custom:container-demuxer-ogg: 62fdf1f143b41e24485cea50d1cbac27 -> 
  custom:video-encoder-webm-vp8: eb34c28f22e8b96e1ab97ce403110664 -> 
  custom:video-codec-MediaFoundation-h265: 746d11721c4dcdbdad8f713fa42b33f4 -> 
  custom:video-decoder-webm-vp8: 9c59270c3fd7afecdb556c50c9e8de78 -> 
  custom:audio-decoder-ogg-vorbis: bf7c407c2cedff20999df2af8eb42d56 -> 
  custom:audio-encoder-webm-vorbis: bf7c407c2cedff20999df2af8eb42d56 -> 
========================================================================
Received Import Request.
  Time since last request: 209.845605 seconds.
  path: Assets/Art/Day.mat
  artifactKey: Guid(631fe428b1ed1794a8f95f8aa4042131) Importer(815301076,1909f56bfc062723c751e8b465ee728b)
Start importing Assets/Art/Day.mat using Guid(631fe428b1ed1794a8f95f8aa4042131) Importer(815301076,1909f56bfc062723c751e8b465ee728b)  -> (artifact id: '1158051129066e105461d39d4679cd62') in 0.432268 seconds 
  Import took 0.444853 seconds .

========================================================================
Received Import Request.
  Time since last request: 3.634905 seconds.
  path: Assets/Art/IMPORTED/Polygon Arsenal/Prefabs
  artifactKey: Guid(0ab7977278e4a704d8b7fe945ceca60e) Importer(815301076,1909f56bfc062723c751e8b465ee728b)
Start importing Assets/Art/IMPORTED/Polygon Arsenal/Prefabs using Guid(0ab7977278e4a704d8b7fe945ceca60e) Importer(815301076,1909f56bfc062723c751e8b465ee728b)  -> (artifact id: '7a2bbabebc632232a5d0f3f33e5c5266') in 0.005892 seconds 
  Import took 0.013544 seconds .

========================================================================
Received Import Request.
  Time since last request: 0.777999 seconds.
  path: Assets/Art/IMPORTED/Polygon Arsenal/Prefabs/Combat
  artifactKey: Guid(20d71f13164437d4d9941eb9f1a1fea2) Importer(815301076,1909f56bfc062723c751e8b465ee728b)
Start importing Assets/Art/IMPORTED/Polygon Arsenal/Prefabs/Combat using Guid(20d71f13164437d4d9941eb9f1a1fea2) Importer(815301076,1909f56bfc062723c751e8b465ee728b)  -> (artifact id: '3ddc119bab59da0df9f2fa2bb79e5105') in 0.006861 seconds 
  Import took 0.016495 seconds .

========================================================================
Received Import Request.
  Time since last request: 6.383957 seconds.
  path: Assets/Art/IMPORTED/Polygon Arsenal/Prefabs/Combat/Cleave
  artifactKey: Guid(eed8aedd36eb1264caef770eab6a3eaf) Importer(815301076,1909f56bfc062723c751e8b465ee728b)
Start importing Assets/Art/IMPORTED/Polygon Arsenal/Prefabs/Combat/Cleave using Guid(eed8aedd36eb1264caef770eab6a3eaf) Importer(815301076,1909f56bfc062723c751e8b465ee728b)  -> (artifact id: '2b14f1f05ca2bb102c842daa0c403713') in 0.013167 seconds 
  Import took 0.021492 seconds .

========================================================================
Received Import Request.
  Time since last request: 0.038209 seconds.
  path: Assets/Art/IMPORTED/Polygon Arsenal/Prefabs/Combat/Cleave/CleaveFire.prefab
  artifactKey: Guid(46660d7c20f9b264084e19daa4b93b1e) Importer(815301076,1909f56bfc062723c751e8b465ee728b)
Start importing Assets/Art/IMPORTED/Polygon Arsenal/Prefabs/Combat/Cleave/CleaveFire.prefab using Guid(46660d7c20f9b264084e19daa4b93b1e) Importer(815301076,1909f56bfc062723c751e8b465ee728b)  -> (artifact id: '1aeb1e2b99b1ce26c23490106bc136d2') in 0.329060 seconds 
  Import took 0.335539 seconds .

========================================================================
Received Import Request.
  Time since last request: 0.000194 seconds.
  path: Assets/Art/IMPORTED/Polygon Arsenal/Prefabs/Combat/Cleave/CleaveHoly.prefab
  artifactKey: Guid(b8be2150b5e82c843918cc74e24d926b) Importer(815301076,1909f56bfc062723c751e8b465ee728b)
Start importing Assets/Art/IMPORTED/Polygon Arsenal/Prefabs/Combat/Cleave/CleaveHoly.prefab using Guid(b8be2150b5e82c843918cc74e24d926b) Importer(815301076,1909f56bfc062723c751e8b465ee728b)  -> (artifact id: '9d91b6ff87daf3d0c07c6606e9f4b2cb') in 0.030991 seconds 
  Import took 0.038864 seconds .

========================================================================
Received Import Request.
  Time since last request: 0.000236 seconds.
  path: Assets/Art/IMPORTED/Polygon Arsenal/Prefabs/Combat/Cleave/CleaveGeneric.prefab
  artifactKey: Guid(093c96e014050c34c82900e22bb4c2be) Importer(815301076,1909f56bfc062723c751e8b465ee728b)
Start importing Assets/Art/IMPORTED/Polygon Arsenal/Prefabs/Combat/Cleave/CleaveGeneric.prefab using Guid(093c96e014050c34c82900e22bb4c2be) Importer(815301076,1909f56bfc062723c751e8b465ee728b)  -> (artifact id: '738899f64803f66f815641f8e603479c') in 0.023864 seconds 
  Import took 0.031484 seconds .

========================================================================
Received Import Request.
  Time since last request: 0.005966 seconds.
  path: Assets/Art/IMPORTED/Polygon Arsenal/Prefabs/Combat/Cleave/CleaveGeneric.prefab
  artifactKey: Guid(093c96e014050c34c82900e22bb4c2be) Importer(815301076,1909f56bfc062723c751e8b465ee728b)
Start importing Assets/Art/IMPORTED/Polygon Arsenal/Prefabs/Combat/Cleave/CleaveGeneric.prefab using Guid(093c96e014050c34c82900e22bb4c2be) Importer(815301076,1909f56bfc062723c751e8b465ee728b)  -> (artifact id: '738899f64803f66f815641f8e603479c') in 0.015323 seconds 
  Import took 0.024458 seconds .

========================================================================
Received Import Request.
  Time since last request: 17.540291 seconds.
  path: Assets/Art/IMPORTED/Polygon Arsenal/Prefabs/Interactive
  artifactKey: Guid(f5aa6d521d2f02048843dc787be0feff) Importer(815301076,1909f56bfc062723c751e8b465ee728b)
Start importing Assets/Art/IMPORTED/Polygon Arsenal/Prefabs/Interactive using Guid(f5aa6d521d2f02048843dc787be0feff) Importer(815301076,1909f56bfc062723c751e8b465ee728b)  -> (artifact id: 'f116eac3bde356bc2aa9618303ab8f3b') in 0.012597 seconds 
  Import took 0.018872 seconds .

========================================================================
Received Import Request.
  Time since last request: 4.363770 seconds.
  path: Assets/Art/IMPORTED/Polygon Arsenal/Prefabs/Misc
  artifactKey: Guid(6ed0f4f07cc409a4aaa8d9725fb5f603) Importer(815301076,1909f56bfc062723c751e8b465ee728b)
Start importing Assets/Art/IMPORTED/Polygon Arsenal/Prefabs/Misc using Guid(6ed0f4f07cc409a4aaa8d9725fb5f603) Importer(815301076,1909f56bfc062723c751e8b465ee728b)  -> (artifact id: 'd38a43a526a7374d83d699df92084a1e') in 0.007702 seconds 
  Import took 0.015410 seconds .

========================================================================
Received Import Request.
  Time since last request: 0.038638 seconds.
  path: Assets/Art/IMPORTED/Polygon Arsenal/Prefabs/Misc/ChainLoopSimple.prefab
  artifactKey: Guid(5ff94580ac2bfb04ebcb8bd7c7e76e63) Importer(815301076,1909f56bfc062723c751e8b465ee728b)
Start importing Assets/Art/IMPORTED/Polygon Arsenal/Prefabs/Misc/ChainLoopSimple.prefab using Guid(5ff94580ac2bfb04ebcb8bd7c7e76e63) Importer(815301076,1909f56bfc062723c751e8b465ee728b)  -> (artifact id: 'c6ab2dc00e2781eb290a81a2264b4d41') in 0.036813 seconds 
  Import took 0.043607 seconds .

========================================================================
Received Import Request.
  Time since last request: 0.000228 seconds.
  path: Assets/Art/IMPORTED/Polygon Arsenal/Prefabs/Misc/GhostStream.prefab
  artifactKey: Guid(9453d895c9b0d6b4facc813914952406) Importer(815301076,1909f56bfc062723c751e8b465ee728b)
Start importing Assets/Art/IMPORTED/Polygon Arsenal/Prefabs/Misc/GhostStream.prefab using Guid(9453d895c9b0d6b4facc813914952406) Importer(815301076,1909f56bfc062723c751e8b465ee728b)  -> (artifact id: 'f70e25d21f8b094075a5d7b5f61a8c60') in 0.021852 seconds 
  Import took 0.028739 seconds .

========================================================================
Received Import Request.
  Time since last request: 0.000296 seconds.
  path: Assets/Art/IMPORTED/Polygon Arsenal/Prefabs/Misc/LightningPulse.prefab
  artifactKey: Guid(562042d048b1e494e8e3ec9e02695a75) Importer(815301076,1909f56bfc062723c751e8b465ee728b)
Start importing Assets/Art/IMPORTED/Polygon Arsenal/Prefabs/Misc/LightningPulse.prefab using Guid(562042d048b1e494e8e3ec9e02695a75) Importer(815301076,1909f56bfc062723c751e8b465ee728b)  -> (artifact id: '4cd6660b46e952d0c8a99dc0725396c2') in 0.018114 seconds 
  Import took 0.025413 seconds .

========================================================================
Received Import Request.
  Time since last request: 0.000219 seconds.
  path: Assets/Art/IMPORTED/Polygon Arsenal/Prefabs/Misc/Nova.prefab
  artifactKey: Guid(789737b1f45760f4fb28abb14225d939) Importer(815301076,1909f56bfc062723c751e8b465ee728b)
Start importing Assets/Art/IMPORTED/Polygon Arsenal/Prefabs/Misc/Nova.prefab using Guid(789737b1f45760f4fb28abb14225d939) Importer(815301076,1909f56bfc062723c751e8b465ee728b)  -> (artifact id: 'fa1f5bec7d88699259a3851b2719717b') in 0.016546 seconds 
  Import took 0.024629 seconds .

========================================================================
Received Import Request.
  Time since last request: 0.000196 seconds.
  path: Assets/Art/IMPORTED/Polygon Arsenal/Prefabs/Misc/ShapefulMuzzleflash.prefab
  artifactKey: Guid(eb10d19913d50914d935df2bc036823a) Importer(815301076,1909f56bfc062723c751e8b465ee728b)
Start importing Assets/Art/IMPORTED/Polygon Arsenal/Prefabs/Misc/ShapefulMuzzleflash.prefab using Guid(eb10d19913d50914d935df2bc036823a) Importer(815301076,1909f56bfc062723c751e8b465ee728b)  -> (artifact id: 'e21a5061876d29458b7e593a0c1da55e') in 0.028881 seconds 
  Import took 0.036001 seconds .

========================================================================
Received Import Request.
  Time since last request: 0.000243 seconds.
  path: Assets/Art/IMPORTED/Polygon Arsenal/Prefabs/Misc/SpaghettiOnTheLoose.prefab
  artifactKey: Guid(3eeadb4d53816e148aacdeb5f4ee6adb) Importer(815301076,1909f56bfc062723c751e8b465ee728b)
Start importing Assets/Art/IMPORTED/Polygon Arsenal/Prefabs/Misc/SpaghettiOnTheLoose.prefab using Guid(3eeadb4d53816e148aacdeb5f4ee6adb) Importer(815301076,1909f56bfc062723c751e8b465ee728b)  -> (artifact id: '903a2e86b38c835f3b29b9f33028db80') in 0.017216 seconds 
  Import took 0.024403 seconds .

========================================================================
Received Import Request.
  Time since last request: 0.000198 seconds.
  path: Assets/Art/IMPORTED/Polygon Arsenal/Prefabs/Misc/TornadoOld.prefab
  artifactKey: Guid(eb1a73ab1acea1642ab03a396619c5e0) Importer(815301076,1909f56bfc062723c751e8b465ee728b)
Start importing Assets/Art/IMPORTED/Polygon Arsenal/Prefabs/Misc/TornadoOld.prefab using Guid(eb1a73ab1acea1642ab03a396619c5e0) Importer(815301076,1909f56bfc062723c751e8b465ee728b)  -> (artifact id: 'cda2b42d38b4b006527e69d70313e89f') in 0.040482 seconds 
  Import took 0.049048 seconds .

========================================================================
Received Import Request.
  Time since last request: 0.000192 seconds.
  path: Assets/Art/IMPORTED/Polygon Arsenal/Prefabs/Misc/LightningRing2.prefab
  artifactKey: Guid(86855a50b1cae4b48a702bb680139ddc) Importer(815301076,1909f56bfc062723c751e8b465ee728b)
Start importing Assets/Art/IMPORTED/Polygon Arsenal/Prefabs/Misc/LightningRing2.prefab using Guid(86855a50b1cae4b48a702bb680139ddc) Importer(815301076,1909f56bfc062723c751e8b465ee728b)  -> (artifact id: 'abde407d3a9a4255023483256a5eec65') in 0.029586 seconds 
  Import took 0.037629 seconds .

========================================================================
Received Import Request.
  Time since last request: 0.000327 seconds.
  path: Assets/Art/IMPORTED/Polygon Arsenal/Prefabs/Misc/FlamethrowerBlocky.prefab
  artifactKey: Guid(28fdd6f49e301de42896fd085978747a) Importer(815301076,1909f56bfc062723c751e8b465ee728b)
Start importing Assets/Art/IMPORTED/Polygon Arsenal/Prefabs/Misc/FlamethrowerBlocky.prefab using Guid(28fdd6f49e301de42896fd085978747a) Importer(815301076,1909f56bfc062723c751e8b465ee728b)  -> (artifact id: 'f304ef5f27ad9908150a20df90e94db2') in 0.017390 seconds 
  Import took 0.025106 seconds .

========================================================================
Received Import Request.
  Time since last request: 0.000210 seconds.
  path: Assets/Art/IMPORTED/Polygon Arsenal/Prefabs/Misc/MagicSparkExplosionRed.prefab
  artifactKey: Guid(e6299ee1d141c3a4e917d25dc1aec11a) Importer(815301076,1909f56bfc062723c751e8b465ee728b)
Start importing Assets/Art/IMPORTED/Polygon Arsenal/Prefabs/Misc/MagicSparkExplosionRed.prefab using Guid(e6299ee1d141c3a4e917d25dc1aec11a) Importer(815301076,1909f56bfc062723c751e8b465ee728b)  -> (artifact id: 'cb9aff1c9ab2c4f18523b47398a05611') in 0.025534 seconds 
  Import took 0.034009 seconds .

========================================================================
Received Import Request.
  Time since last request: 0.000191 seconds.
  path: Assets/Art/IMPORTED/Polygon Arsenal/Prefabs/Misc/RainbowDNA2.prefab
  artifactKey: Guid(f78708173702a304092df747c71f9998) Importer(815301076,1909f56bfc062723c751e8b465ee728b)
Start importing Assets/Art/IMPORTED/Polygon Arsenal/Prefabs/Misc/RainbowDNA2.prefab using Guid(f78708173702a304092df747c71f9998) Importer(815301076,1909f56bfc062723c751e8b465ee728b)  -> (artifact id: '0b5f8c65ccdf3bb50023345968c3b343') in 0.016760 seconds 
  Import took 0.023528 seconds .

========================================================================
Received Import Request.
  Time since last request: 0.000286 seconds.
  path: Assets/Art/IMPORTED/Polygon Arsenal/Prefabs/Misc/HeavyArtsyExplosion.prefab
  artifactKey: Guid(402f358838e179041b967637929ffd82) Importer(815301076,1909f56bfc062723c751e8b465ee728b)
Start importing Assets/Art/IMPORTED/Polygon Arsenal/Prefabs/Misc/HeavyArtsyExplosion.prefab using Guid(402f358838e179041b967637929ffd82) Importer(815301076,1909f56bfc062723c751e8b465ee728b)  -> (artifact id: 'd93004e86682805fa59c48764dc054f7') in 0.022963 seconds 
  Import took 0.030814 seconds .

========================================================================
Received Import Request.
  Time since last request: 0.000233 seconds.
  path: Assets/Art/IMPORTED/Polygon Arsenal/Prefabs/Misc/ChainTargetCircle.prefab
  artifactKey: Guid(3280e9251d2943f498b6637825551a01) Importer(815301076,1909f56bfc062723c751e8b465ee728b)
Start importing Assets/Art/IMPORTED/Polygon Arsenal/Prefabs/Misc/ChainTargetCircle.prefab using Guid(3280e9251d2943f498b6637825551a01) Importer(815301076,1909f56bfc062723c751e8b465ee728b)  -> (artifact id: 'b3b944082edeebe03de3bcd32079d3d6') in 0.034048 seconds 
  Import took 0.042632 seconds .

========================================================================
Received Import Request.
  Time since last request: 0.000209 seconds.
  path: Assets/Art/IMPORTED/Polygon Arsenal/Prefabs/Misc/SmokeSwirlExplosionBlue.prefab
  artifactKey: Guid(6c8094b917790524f9c7394584241ca7) Importer(815301076,1909f56bfc062723c751e8b465ee728b)
Start importing Assets/Art/IMPORTED/Polygon Arsenal/Prefabs/Misc/SmokeSwirlExplosionBlue.prefab using Guid(6c8094b917790524f9c7394584241ca7) Importer(815301076,1909f56bfc062723c751e8b465ee728b)  -> (artifact id: '24c46a1bccd6c0d7c2f4c50827070d90') in 0.090784 seconds 
  Import took 0.099099 seconds .

========================================================================
Received Import Request.
  Time since last request: 0.000498 seconds.
  path: Assets/Art/IMPORTED/Polygon Arsenal/Prefabs/Misc/LightningShield.prefab
  artifactKey: Guid(7c1ff086b5a3f544e95e27d7cb0721ac) Importer(815301076,1909f56bfc062723c751e8b465ee728b)
Start importing Assets/Art/IMPORTED/Polygon Arsenal/Prefabs/Misc/LightningShield.prefab using Guid(7c1ff086b5a3f544e95e27d7cb0721ac) Importer(815301076,1909f56bfc062723c751e8b465ee728b)  -> (artifact id: '2b504ef2385a92b9447ed0aa15787a5d') in 0.025897 seconds 
  Import took 0.034365 seconds .

========================================================================
Received Import Request.
  Time since last request: 0.000285 seconds.
  path: Assets/Art/IMPORTED/Polygon Arsenal/Prefabs/Misc/SwordTornado.prefab
  artifactKey: Guid(0f00b14fad9848b4bb0daf885e8ccc3b) Importer(815301076,1909f56bfc062723c751e8b465ee728b)
Start importing Assets/Art/IMPORTED/Polygon Arsenal/Prefabs/Misc/SwordTornado.prefab using Guid(0f00b14fad9848b4bb0daf885e8ccc3b) Importer(815301076,1909f56bfc062723c751e8b465ee728b)  -> (artifact id: '29a1484aa61aabdb821e14cfa6c8f18f') in 0.054059 seconds 
  Import took 0.060600 seconds .

========================================================================
Received Import Request.
  Time since last request: 0.000263 seconds.
  path: Assets/Art/IMPORTED/Polygon Arsenal/Prefabs/Misc/RainbowDNA.prefab
  artifactKey: Guid(96614702a4e96014591f2f2e46426941) Importer(815301076,1909f56bfc062723c751e8b465ee728b)
Start importing Assets/Art/IMPORTED/Polygon Arsenal/Prefabs/Misc/RainbowDNA.prefab using Guid(96614702a4e96014591f2f2e46426941) Importer(815301076,1909f56bfc062723c751e8b465ee728b)  -> (artifact id: 'c3d882616c45e2d2d29d34045e4c7be2') in 0.018286 seconds 
  Import took 0.025042 seconds .

========================================================================
Received Import Request.
  Time since last request: 0.000204 seconds.
  path: Assets/Art/IMPORTED/Polygon Arsenal/Prefabs/Misc/IcePrison.prefab
  artifactKey: Guid(a31ebf8641827a849ac3c2c3ac4276ac) Importer(815301076,1909f56bfc062723c751e8b465ee728b)
Start importing Assets/Art/IMPORTED/Polygon Arsenal/Prefabs/Misc/IcePrison.prefab using Guid(a31ebf8641827a849ac3c2c3ac4276ac) Importer(815301076,1909f56bfc062723c751e8b465ee728b)  -> (artifact id: '118eaffa802516d58c492ad24d5b331a') in 0.025360 seconds 
  Import took 0.034302 seconds .

========================================================================
Received Import Request.
  Time since last request: 0.000253 seconds.
  path: Assets/Art/IMPORTED/Polygon Arsenal/Prefabs/Misc/LightningNova.prefab
  artifactKey: Guid(61df8c083654c4349bdad03646987855) Importer(815301076,1909f56bfc062723c751e8b465ee728b)
Start importing Assets/Art/IMPORTED/Polygon Arsenal/Prefabs/Misc/LightningNova.prefab using Guid(61df8c083654c4349bdad03646987855) Importer(815301076,1909f56bfc062723c751e8b465ee728b)  -> (artifact id: '62d43a186234668972bb360e91da95c6') in 0.017389 seconds 
  Import took 0.024471 seconds .

========================================================================
Received Import Request.
  Time since last request: 0.000313 seconds.
  path: Assets/Art/IMPORTED/Polygon Arsenal/Prefabs/Misc/LightningFan.prefab
  artifactKey: Guid(38fcfd153d66bb24e8f22db0897badf6) Importer(815301076,1909f56bfc062723c751e8b465ee728b)
Start importing Assets/Art/IMPORTED/Polygon Arsenal/Prefabs/Misc/LightningFan.prefab using Guid(38fcfd153d66bb24e8f22db0897badf6) Importer(815301076,1909f56bfc062723c751e8b465ee728b)  -> (artifact id: 'b8861a1d99a21c8e60ce7b8f6d314c8c') in 0.022384 seconds 
  Import took 0.030394 seconds .

========================================================================
Received Import Request.
  Time since last request: 0.000199 seconds.
  path: Assets/Art/IMPORTED/Polygon Arsenal/Prefabs/Misc/StormExplosionVariant.prefab
  artifactKey: Guid(2e26a555ddfec1d40b499a08130472fa) Importer(815301076,1909f56bfc062723c751e8b465ee728b)
Start importing Assets/Art/IMPORTED/Polygon Arsenal/Prefabs/Misc/StormExplosionVariant.prefab using Guid(2e26a555ddfec1d40b499a08130472fa) Importer(815301076,1909f56bfc062723c751e8b465ee728b)  -> (artifact id: 'b76b1655abed78db10ec1beff98c200e') in 0.024040 seconds 
  Import took 0.033414 seconds .

========================================================================
Received Import Request.
  Time since last request: 0.000236 seconds.
  path: Assets/Art/IMPORTED/Polygon Arsenal/Prefabs/Misc/CrystalGrowthGreen.prefab
  artifactKey: Guid(7e368f46a5ec0a4409e0d0e83d57d382) Importer(815301076,1909f56bfc062723c751e8b465ee728b)
Start importing Assets/Art/IMPORTED/Polygon Arsenal/Prefabs/Misc/CrystalGrowthGreen.prefab using Guid(7e368f46a5ec0a4409e0d0e83d57d382) Importer(815301076,1909f56bfc062723c751e8b465ee728b)  -> (artifact id: 'a83745501f9e9e90775dece631dc89c9') in 0.021111 seconds 
  Import took 0.029218 seconds .

========================================================================
Received Import Request.
  Time since last request: 0.000170 seconds.
  path: Assets/Art/IMPORTED/Polygon Arsenal/Prefabs/Misc/HeavyArtsyExplosion2.prefab
  artifactKey: Guid(9c7e4a6a9b40daa44b46ab99e4cf1b3c) Importer(815301076,1909f56bfc062723c751e8b465ee728b)
Start importing Assets/Art/IMPORTED/Polygon Arsenal/Prefabs/Misc/HeavyArtsyExplosion2.prefab using Guid(9c7e4a6a9b40daa44b46ab99e4cf1b3c) Importer(815301076,1909f56bfc062723c751e8b465ee728b)  -> (artifact id: 'ab6b382edf08e0461e2abbf9ebed9b05') in 0.019020 seconds 
  Import took 0.028592 seconds .

========================================================================
Received Import Request.
  Time since last request: 1.553608 seconds.
  path: Assets/Art/IMPORTED/Polygon Arsenal/Models/PolySpikeSimple.FBX
  artifactKey: Guid(a5169dd48d2b8b942bd1ec97d88ac52e) Importer(815301076,1909f56bfc062723c751e8b465ee728b)
Start importing Assets/Art/IMPORTED/Polygon Arsenal/Models/PolySpikeSimple.FBX using Guid(a5169dd48d2b8b942bd1ec97d88ac52e) Importer(815301076,1909f56bfc062723c751e8b465ee728b)  -> (artifact id: 'ee8879747bc4b5c007813b22af3c9232') in 0.060408 seconds 
  Import took 0.068500 seconds .

========================================================================
Received Import Request.
  Time since last request: 0.056637 seconds.
  path: Assets/Art/IMPORTED/Polygon Arsenal/Models/PolySpikeSimple.FBX
  artifactKey: Guid(a5169dd48d2b8b942bd1ec97d88ac52e) Importer(815301076,1909f56bfc062723c751e8b465ee728b)
Start importing Assets/Art/IMPORTED/Polygon Arsenal/Models/PolySpikeSimple.FBX using Guid(a5169dd48d2b8b942bd1ec97d88ac52e) Importer(815301076,1909f56bfc062723c751e8b465ee728b)  -> (artifact id: 'ee8879747bc4b5c007813b22af3c9232') in 0.045876 seconds 
  Import took 0.063219 seconds .

========================================================================
Received Import Request.
  Time since last request: 4.945788 seconds.
  path: Assets/Art/IMPORTED/Polygon Arsenal/Models/PolySphereMega.FBX
  artifactKey: Guid(6385e85ec369bac4c8b20fdb297d102b) Importer(815301076,1909f56bfc062723c751e8b465ee728b)
Start importing Assets/Art/IMPORTED/Polygon Arsenal/Models/PolySphereMega.FBX using Guid(6385e85ec369bac4c8b20fdb297d102b) Importer(815301076,1909f56bfc062723c751e8b465ee728b)  -> (artifact id: '789bc091c6e883d2a71dbbc726dfba28') in 0.028613 seconds 
  Import took 0.036706 seconds .

========================================================================
Received Import Request.
  Time since last request: 3.536947 seconds.
  path: Assets/Art/IMPORTED/Polygon Arsenal/Prefabs/Environment
  artifactKey: Guid(4b8dac498a38559408d9071420b0cb6b) Importer(815301076,1909f56bfc062723c751e8b465ee728b)
Start importing Assets/Art/IMPORTED/Polygon Arsenal/Prefabs/Environment using Guid(4b8dac498a38559408d9071420b0cb6b) Importer(815301076,1909f56bfc062723c751e8b465ee728b)  -> (artifact id: 'b09007e32295f7455b81ec406b5c64d2') in 0.016626 seconds 
  Import took 0.024566 seconds .

========================================================================
Received Import Request.
  Time since last request: 1.021342 seconds.
  path: Assets/Art/IMPORTED/Polygon Arsenal/Prefabs/Environment/Dust
  artifactKey: Guid(15c0fa2b592c1554188dd676e4d1ce15) Importer(815301076,1909f56bfc062723c751e8b465ee728b)
Start importing Assets/Art/IMPORTED/Polygon Arsenal/Prefabs/Environment/Dust using Guid(15c0fa2b592c1554188dd676e4d1ce15) Importer(815301076,1909f56bfc062723c751e8b465ee728b)  -> (artifact id: '041563fe71619dff6620b3cc64206715') in 0.015129 seconds 
  Import took 0.022801 seconds .

========================================================================
Received Import Request.
  Time since last request: 0.022169 seconds.
  path: Assets/Art/IMPORTED/Polygon Arsenal/Prefabs/Environment/Dust/DustCalm.prefab
  artifactKey: Guid(29f14dec24e07db4eaa6ffa1a1d5b604) Importer(815301076,1909f56bfc062723c751e8b465ee728b)
Start importing Assets/Art/IMPORTED/Polygon Arsenal/Prefabs/Environment/Dust/DustCalm.prefab using Guid(29f14dec24e07db4eaa6ffa1a1d5b604) Importer(815301076,1909f56bfc062723c751e8b465ee728b)  -> (artifact id: '476ebd975eeb57680c9a6b794cb8e6a5') in 0.014149 seconds 
  Import took 0.020485 seconds .

========================================================================
Received Import Request.
  Time since last request: 0.000299 seconds.
  path: Assets/Art/IMPORTED/Polygon Arsenal/Prefabs/Environment/Dust/DustCone.prefab
  artifactKey: Guid(ea79493a005e79f419eb830cbf9c7b46) Importer(815301076,1909f56bfc062723c751e8b465ee728b)
Start importing Assets/Art/IMPORTED/Polygon Arsenal/Prefabs/Environment/Dust/DustCone.prefab using Guid(ea79493a005e79f419eb830cbf9c7b46) Importer(815301076,1909f56bfc062723c751e8b465ee728b)  -> (artifact id: '9283a480f2865ac9561133fdb4052f47') in 0.017305 seconds 
  Import took 0.025051 seconds .

========================================================================
Received Import Request.
  Time since last request: 0.000223 seconds.
  path: Assets/Art/IMPORTED/Polygon Arsenal/Prefabs/Environment/Dust/DustWindy.prefab
  artifactKey: Guid(d4c794149e1572844af2f6c53a99ae83) Importer(815301076,1909f56bfc062723c751e8b465ee728b)
Start importing Assets/Art/IMPORTED/Polygon Arsenal/Prefabs/Environment/Dust/DustWindy.prefab using Guid(d4c794149e1572844af2f6c53a99ae83) Importer(815301076,1909f56bfc062723c751e8b465ee728b)  -> (artifact id: '13cd6b5d6669eb697d3eb6397a0130db') in 0.019894 seconds 
  Import took 0.028857 seconds .

========================================================================
Received Import Request.
  Time since last request: 0.000223 seconds.
  path: Assets/Art/IMPORTED/Polygon Arsenal/Prefabs/Environment/Dust/DustLightSource.prefab
  artifactKey: Guid(864ea99bde5bb864492b2955bd30d96d) Importer(815301076,1909f56bfc062723c751e8b465ee728b)
Start importing Assets/Art/IMPORTED/Polygon Arsenal/Prefabs/Environment/Dust/DustLightSource.prefab using Guid(864ea99bde5bb864492b2955bd30d96d) Importer(815301076,1909f56bfc062723c751e8b465ee728b)  -> (artifact id: 'f254ca4f14adda9bcf7ce58b2d14c335') in 0.018525 seconds 
  Import took 0.026340 seconds .

========================================================================
Received Import Request.
  Time since last request: 0.000202 seconds.
  path: Assets/Art/IMPORTED/Polygon Arsenal/Prefabs/Environment/Dust/DustRising.prefab
  artifactKey: Guid(b121ddde245d86544bc542b9cb9266bf) Importer(815301076,1909f56bfc062723c751e8b465ee728b)
Start importing Assets/Art/IMPORTED/Polygon Arsenal/Prefabs/Environment/Dust/DustRising.prefab using Guid(b121ddde245d86544bc542b9cb9266bf) Importer(815301076,1909f56bfc062723c751e8b465ee728b)  -> (artifact id: 'a45a1412cef60d25fad7b60fb0fbb816') in 0.014434 seconds 
  Import took 0.021699 seconds .

========================================================================
Received Import Request.
  Time since last request: 0.882728 seconds.
  path: Assets/Art/IMPORTED/Polygon Arsenal/Materials/Main/PolySolidGlow.mat
  artifactKey: Guid(46c46885d5e9e194ba96e80d167e7a05) Importer(815301076,1909f56bfc062723c751e8b465ee728b)
Start importing Assets/Art/IMPORTED/Polygon Arsenal/Materials/Main/PolySolidGlow.mat using Guid(46c46885d5e9e194ba96e80d167e7a05) Importer(815301076,1909f56bfc062723c751e8b465ee728b)  -> (artifact id: '98143e0b1e5e06f051eba10e24bac188') in 0.024185 seconds 
  Import took 0.033153 seconds .

========================================================================
Received Import Request.
  Time since last request: 0.016852 seconds.
  path: Assets/Art/IMPORTED/Polygon Arsenal/Materials/Main/PolySolidGlow.mat
  artifactKey: Guid(46c46885d5e9e194ba96e80d167e7a05) Importer(815301076,1909f56bfc062723c751e8b465ee728b)
Start importing Assets/Art/IMPORTED/Polygon Arsenal/Materials/Main/PolySolidGlow.mat using Guid(46c46885d5e9e194ba96e80d167e7a05) Importer(815301076,1909f56bfc062723c751e8b465ee728b)  -> (artifact id: '98143e0b1e5e06f051eba10e24bac188') in 0.014036 seconds 
  Import took 0.021948 seconds .

========================================================================
Received Import Request.
  Time since last request: 19.388480 seconds.
  path: Assets/Art/IMPORTED/Polygon Arsenal/Prefabs/Environment/Godrays
  artifactKey: Guid(aad28e01e77ab7d4fbe07fe2ebc15444) Importer(815301076,1909f56bfc062723c751e8b465ee728b)
Start importing Assets/Art/IMPORTED/Polygon Arsenal/Prefabs/Environment/Godrays using Guid(aad28e01e77ab7d4fbe07fe2ebc15444) Importer(815301076,1909f56bfc062723c751e8b465ee728b)  -> (artifact id: '565593e1abf98c430368a7a77e022c86') in 0.023961 seconds 
  Import took 0.034825 seconds .

========================================================================
Received Import Request.
  Time since last request: 0.033734 seconds.
  path: Assets/Art/IMPORTED/Polygon Arsenal/Prefabs/Environment/Godrays/GodRaysSharp.prefab
  artifactKey: Guid(d7ff602bdc67faa4a9053c25c75c4ceb) Importer(815301076,1909f56bfc062723c751e8b465ee728b)
Start importing Assets/Art/IMPORTED/Polygon Arsenal/Prefabs/Environment/Godrays/GodRaysSharp.prefab using Guid(d7ff602bdc67faa4a9053c25c75c4ceb) Importer(815301076,1909f56bfc062723c751e8b465ee728b)  -> (artifact id: 'fd8ed5204af4a0c1e3adb9edfa1fdd5b') in 0.056287 seconds 
  Import took 0.064507 seconds .

========================================================================
Received Import Request.
  Time since last request: 0.000230 seconds.
  path: Assets/Art/IMPORTED/Polygon Arsenal/Prefabs/Environment/Godrays/GodRaysSoft.prefab
  artifactKey: Guid(9094a8b51b7ec5e42833332bc693a031) Importer(815301076,1909f56bfc062723c751e8b465ee728b)
Start importing Assets/Art/IMPORTED/Polygon Arsenal/Prefabs/Environment/Godrays/GodRaysSoft.prefab using Guid(9094a8b51b7ec5e42833332bc693a031) Importer(815301076,1909f56bfc062723c751e8b465ee728b)  -> (artifact id: '5689d5464ceba9ac13305ebdbb2e668b') in 0.021084 seconds 
  Import took 0.027609 seconds .

========================================================================
Received Import Request.
  Time since last request: 0.000213 seconds.
  path: Assets/Art/IMPORTED/Polygon Arsenal/Prefabs/Environment/Godrays/GodRaysTube.prefab
  artifactKey: Guid(c6405d29d4c63d74287fb171ae4b9880) Importer(815301076,1909f56bfc062723c751e8b465ee728b)
Start importing Assets/Art/IMPORTED/Polygon Arsenal/Prefabs/Environment/Godrays/GodRaysTube.prefab using Guid(c6405d29d4c63d74287fb171ae4b9880) Importer(815301076,1909f56bfc062723c751e8b465ee728b)  -> (artifact id: '3d33ff11a00eea35409c1ce540340b6e') in 0.024201 seconds 
  Import took 0.031571 seconds .

========================================================================
Received Import Request.
  Time since last request: 1.053715 seconds.
  path: Assets/Art/IMPORTED/Polygon Arsenal/Models/PolyGlowTubeCentered.FBX
  artifactKey: Guid(9dbbd281c22224c48a1e0f5c0adf6797) Importer(815301076,1909f56bfc062723c751e8b465ee728b)
Start importing Assets/Art/IMPORTED/Polygon Arsenal/Models/PolyGlowTubeCentered.FBX using Guid(9dbbd281c22224c48a1e0f5c0adf6797) Importer(815301076,1909f56bfc062723c751e8b465ee728b)  -> (artifact id: '8a5214bd5b5416e389f184c0dfe735a4') in 0.033718 seconds 
  Import took 0.041576 seconds .

========================================================================
Received Prepare
Registering precompiled user dll's ...
Registered in 0.006010 seconds.
Begin MonoManager ReloadAssembly
Native extension for WindowsStandalone target not found
Refreshing native plugins compatible for Editor in 2.30 ms, found 2 plugins.
Preloading 0 native plugins for Editor in 0.00 ms.
Mono: successfully reloaded assembly
- Completed reload, in  1.281 seconds
Domain Reload Profiling:
	ReloadAssembly (1281ms)
		BeginReloadAssembly (137ms)
			ExecutionOrderSort (0ms)
			DisableScriptedObjects (5ms)
			BackupInstance (0ms)
			ReleaseScriptingObjects (0ms)
			CreateAndSetChildDomain (50ms)
		EndReloadAssembly (1085ms)
			LoadAssemblies (91ms)
			RebuildTransferFunctionScriptingTraits (0ms)
			SetupTypeCache (264ms)
			ReleaseScriptCaches (2ms)
			RebuildScriptCaches (54ms)
			SetupLoadedEditorAssemblies (553ms)
				LogAssemblyErrors (0ms)
				InitializePlatformSupportModulesInManaged (4ms)
				SetLoadedEditorAssemblies (0ms)
				RefreshPlugins (2ms)
				BeforeProcessingInitializeOnLoad (89ms)
				ProcessInitializeOnLoadAttributes (447ms)
				ProcessInitializeOnLoadMethodAttributes (4ms)
				AfterProcessingInitializeOnLoad (5ms)
				EditorAssembliesLoaded (1ms)
			ExecutionOrderSort2 (0ms)
			AwakeInstancesAfterBackupRestoration (14ms)
Platform modules already initialized, skipping
Shader 'BOXOPHOBIC/Polyverse Skies/Simple': fallback shader 'False' not found
Shader 'BOXOPHOBIC/Polyverse Skies/Standard': fallback shader 'False' not found
Refreshing native plugins compatible for Editor in 2.62 ms, found 2 plugins.
Preloading 0 native plugins for Editor in 0.00 ms.
Unloading 3129 Unused Serialized files (Serialized files now loaded: 0)
System memory in use before: 151.3 MB.
System memory in use after: 151.5 MB.

Unloading 18 unused Assets to reduce memory usage. Loaded Objects now: 3791.
Total: 5.967700 ms (FindLiveObjects: 0.740300 ms CreateObjectMapping: 0.233600 ms MarkObjects: 4.902700 ms  DeleteObjects: 0.089100 ms)

AssetImportParameters requested are different than current active one (requested -> active):
  custom:framework-win-MediaFoundation: 216162199b28c13a410421893ffa2e32 -> 
  custom:video-decoder-ogg-theora: a1e56fd34408186e4bbccfd4996cb3dc -> 
  custom:container-muxer-webm: aa71ff27fc2769a1b78a27578f13a17b -> 
  custom:container-demuxer-webm: 4f35f7cbe854078d1ac9338744f61a02 -> 
  custom:container-demuxer-ogg: 62fdf1f143b41e24485cea50d1cbac27 -> 
  custom:video-encoder-webm-vp8: eb34c28f22e8b96e1ab97ce403110664 -> 
  custom:video-codec-MediaFoundation-h265: 746d11721c4dcdbdad8f713fa42b33f4 -> 
  custom:video-decoder-webm-vp8: 9c59270c3fd7afecdb556c50c9e8de78 -> 
  custom:audio-decoder-ogg-vorbis: bf7c407c2cedff20999df2af8eb42d56 -> 
  custom:audio-encoder-webm-vorbis: bf7c407c2cedff20999df2af8eb42d56 -> 
========================================================================
Received Import Request.
  Time since last request: 44.894250 seconds.
  path: Assets/Art/IMPORTED/Polygon Arsenal/Prefabs/Environment/Fireworks
  artifactKey: Guid(b85dfa86cb1ce9941b6f568279e1595d) Importer(815301076,1909f56bfc062723c751e8b465ee728b)
Start importing Assets/Art/IMPORTED/Polygon Arsenal/Prefabs/Environment/Fireworks using Guid(b85dfa86cb1ce9941b6f568279e1595d) Importer(815301076,1909f56bfc062723c751e8b465ee728b)  -> (artifact id: 'b955d9e1d38d38b48459f6a383ff323c') in 0.019182 seconds 
  Import took 0.025861 seconds .

========================================================================
Received Import Request.
  Time since last request: 0.020389 seconds.
  path: Assets/Art/IMPORTED/Polygon Arsenal/Prefabs/Environment/Fireworks
  artifactKey: Guid(b85dfa86cb1ce9941b6f568279e1595d) Importer(815301076,1909f56bfc062723c751e8b465ee728b)
Start importing Assets/Art/IMPORTED/Polygon Arsenal/Prefabs/Environment/Fireworks using Guid(b85dfa86cb1ce9941b6f568279e1595d) Importer(815301076,1909f56bfc062723c751e8b465ee728b)  -> (artifact id: 'b955d9e1d38d38b48459f6a383ff323c') in 0.002492 seconds 
  Import took 0.009231 seconds .

========================================================================
Received Import Request.
  Time since last request: 4.597597 seconds.
  path: Assets/Art/IMPORTED/Polygon Arsenal/Prefabs/Environment/Sparks
  artifactKey: Guid(039c058632ffe204b997d4fee3fb7c84) Importer(815301076,1909f56bfc062723c751e8b465ee728b)
Start importing Assets/Art/IMPORTED/Polygon Arsenal/Prefabs/Environment/Sparks using Guid(039c058632ffe204b997d4fee3fb7c84) Importer(815301076,1909f56bfc062723c751e8b465ee728b)  -> (artifact id: '7ecc0bbe7f26346a3cb6c7c285e718cb') in 0.008051 seconds 
  Import took 0.015336 seconds .

========================================================================
Received Import Request.
  Time since last request: 0.858430 seconds.
  path: Assets/Art/IMPORTED/Polygon Arsenal/Prefabs/Environment/Sparks/Fountain
  artifactKey: Guid(445f55f265422ff46b493fb168e2da59) Importer(815301076,1909f56bfc062723c751e8b465ee728b)
Start importing Assets/Art/IMPORTED/Polygon Arsenal/Prefabs/Environment/Sparks/Fountain using Guid(445f55f265422ff46b493fb168e2da59) Importer(815301076,1909f56bfc062723c751e8b465ee728b)  -> (artifact id: '33022636fe2023fd9fb4af44df56e25a') in 0.013950 seconds 
  Import took 0.020040 seconds .

========================================================================
Received Import Request.
  Time since last request: 0.040034 seconds.
  path: Assets/Art/IMPORTED/Polygon Arsenal/Prefabs/Environment/Sparks/Fountain/SparkFountainEpic.prefab
  artifactKey: Guid(626a31ca4daf7eb428817e2272010827) Importer(815301076,1909f56bfc062723c751e8b465ee728b)
Start importing Assets/Art/IMPORTED/Polygon Arsenal/Prefabs/Environment/Sparks/Fountain/SparkFountainEpic.prefab using Guid(626a31ca4daf7eb428817e2272010827) Importer(815301076,1909f56bfc062723c751e8b465ee728b)  -> (artifact id: 'f1c0a9579766db7914365ba6571433c3') in 0.170145 seconds 
  Import took 0.179357 seconds .

========================================================================
Received Import Request.
  Time since last request: 0.000234 seconds.
  path: Assets/Art/IMPORTED/Polygon Arsenal/Prefabs/Environment/Sparks/Fountain/SparkFountainSmall.prefab
  artifactKey: Guid(5ebf80a0de9099641bcd3aac29d7b3ca) Importer(815301076,1909f56bfc062723c751e8b465ee728b)
Start importing Assets/Art/IMPORTED/Polygon Arsenal/Prefabs/Environment/Sparks/Fountain/SparkFountainSmall.prefab using Guid(5ebf80a0de9099641bcd3aac29d7b3ca) Importer(815301076,1909f56bfc062723c751e8b465ee728b)  -> (artifact id: '7a46e1362b833e394ebe184c0ec86dff') in 0.019502 seconds 
  Import took 0.028351 seconds .

========================================================================
Received Import Request.
  Time since last request: 0.000216 seconds.
  path: Assets/Art/IMPORTED/Polygon Arsenal/Prefabs/Environment/Sparks/Fountain/SparkFountainNormal.prefab
  artifactKey: Guid(d01fdcfda5e827f468e2e3d6f00bf07d) Importer(815301076,1909f56bfc062723c751e8b465ee728b)
Start importing Assets/Art/IMPORTED/Polygon Arsenal/Prefabs/Environment/Sparks/Fountain/SparkFountainNormal.prefab using Guid(d01fdcfda5e827f468e2e3d6f00bf07d) Importer(815301076,1909f56bfc062723c751e8b465ee728b)  -> (artifact id: '573fe0af0cb68485700cde46d8e235af') in 0.017687 seconds 
  Import took 0.025857 seconds .

========================================================================
Received Import Request.
  Time since last request: 0.000195 seconds.
  path: Assets/Art/IMPORTED/Polygon Arsenal/Prefabs/Environment/Sparks/Fountain/SparkFountainMega.prefab
  artifactKey: Guid(01493673c5652b04abc0fe2c37081011) Importer(815301076,1909f56bfc062723c751e8b465ee728b)
Start importing Assets/Art/IMPORTED/Polygon Arsenal/Prefabs/Environment/Sparks/Fountain/SparkFountainMega.prefab using Guid(01493673c5652b04abc0fe2c37081011) Importer(815301076,1909f56bfc062723c751e8b465ee728b)  -> (artifact id: '716c4d4e56d5d6a77989f018f7853d2e') in 0.018910 seconds 
  Import took 0.028330 seconds .

========================================================================
Received Import Request.
  Time since last request: 0.518494 seconds.
  path: Assets/Art/IMPORTED/Polygon Arsenal/Materials/Sprites/PolySprite_ADD.mat
  artifactKey: Guid(d0f04f68279b2ae4eb74da61364f4c0c) Importer(815301076,1909f56bfc062723c751e8b465ee728b)
Start importing Assets/Art/IMPORTED/Polygon Arsenal/Materials/Sprites/PolySprite_ADD.mat using Guid(d0f04f68279b2ae4eb74da61364f4c0c) Importer(815301076,1909f56bfc062723c751e8b465ee728b)  -> (artifact id: 'dae906e8fbe4f83c04d81c5ce21f7ecf') in 0.024608 seconds 
  Import took 0.031166 seconds .

========================================================================
Received Import Request.
  Time since last request: 8.237076 seconds.
  path: Assets/Art/IMPORTED/Polygon Arsenal/Prefabs/Environment/Liquid
  artifactKey: Guid(7d03d99663e809b4fa3e0f300244cbb3) Importer(815301076,1909f56bfc062723c751e8b465ee728b)
Start importing Assets/Art/IMPORTED/Polygon Arsenal/Prefabs/Environment/Liquid using Guid(7d03d99663e809b4fa3e0f300244cbb3) Importer(815301076,1909f56bfc062723c751e8b465ee728b)  -> (artifact id: 'f8424857141c7770d8186ed6098c1332') in 0.014333 seconds 
  Import took 0.022368 seconds .

========================================================================
Received Import Request.
  Time since last request: 1.352444 seconds.
  path: Assets/Art/IMPORTED/Polygon Arsenal/Prefabs/Environment/Liquid/Drip
  artifactKey: Guid(1285a69f556ac54498545dfb71d494e5) Importer(815301076,1909f56bfc062723c751e8b465ee728b)
Start importing Assets/Art/IMPORTED/Polygon Arsenal/Prefabs/Environment/Liquid/Drip using Guid(1285a69f556ac54498545dfb71d494e5) Importer(815301076,1909f56bfc062723c751e8b465ee728b)  -> (artifact id: '4856b6a153514f1bc919f62dbcf9cb02') in 0.006929 seconds 
  Import took 0.013906 seconds .

========================================================================
Received Import Request.
  Time since last request: 0.000516 seconds.
  path: Assets/Art/IMPORTED/Polygon Arsenal/Prefabs/Environment/Liquid/Drip
  artifactKey: Guid(1285a69f556ac54498545dfb71d494e5) Importer(815301076,1909f56bfc062723c751e8b465ee728b)
Start importing Assets/Art/IMPORTED/Polygon Arsenal/Prefabs/Environment/Liquid/Drip using Guid(1285a69f556ac54498545dfb71d494e5) Importer(815301076,1909f56bfc062723c751e8b465ee728b)  -> (artifact id: '4856b6a153514f1bc919f62dbcf9cb02') in 0.001826 seconds 
  Import took 0.008561 seconds .

========================================================================
Received Import Request.
  Time since last request: 0.055107 seconds.
  path: Assets/Art/IMPORTED/Polygon Arsenal/Prefabs/Environment/Liquid/Drip/AcidDrip.prefab
  artifactKey: Guid(02f9b7403c0b2fd46ae119f92aeb1ce5) Importer(815301076,1909f56bfc062723c751e8b465ee728b)
Start importing Assets/Art/IMPORTED/Polygon Arsenal/Prefabs/Environment/Liquid/Drip/AcidDrip.prefab using Guid(02f9b7403c0b2fd46ae119f92aeb1ce5) Importer(815301076,1909f56bfc062723c751e8b465ee728b)  -> (artifact id: '8afc79171a4ccae4ab698d778831e28b') in 0.025820 seconds 
  Import took 0.033875 seconds .

========================================================================
Received Import Request.
  Time since last request: 0.000261 seconds.
  path: Assets/Art/IMPORTED/Polygon Arsenal/Prefabs/Environment/Liquid/Drip/LavaDrip.prefab
  artifactKey: Guid(8bb2f15dcd550704bb41d77779006f43) Importer(815301076,1909f56bfc062723c751e8b465ee728b)
Start importing Assets/Art/IMPORTED/Polygon Arsenal/Prefabs/Environment/Liquid/Drip/LavaDrip.prefab using Guid(8bb2f15dcd550704bb41d77779006f43) Importer(815301076,1909f56bfc062723c751e8b465ee728b)  -> (artifact id: '6fab11eeb76015714244bfc6c949957f') in 0.020891 seconds 
  Import took 0.028932 seconds .

========================================================================
Received Import Request.
  Time since last request: 0.000293 seconds.
  path: Assets/Art/IMPORTED/Polygon Arsenal/Prefabs/Environment/Liquid/Drip/OilDrip.prefab
  artifactKey: Guid(88d4bc0f42a87644881bf502ed212718) Importer(815301076,1909f56bfc062723c751e8b465ee728b)
Start importing Assets/Art/IMPORTED/Polygon Arsenal/Prefabs/Environment/Liquid/Drip/OilDrip.prefab using Guid(88d4bc0f42a87644881bf502ed212718) Importer(815301076,1909f56bfc062723c751e8b465ee728b)  -> (artifact id: '18e7a1615392cba828d187fa252d2321') in 0.020192 seconds 
  Import took 0.028007 seconds .

========================================================================
Received Import Request.
  Time since last request: 0.000341 seconds.
  path: Assets/Art/IMPORTED/Polygon Arsenal/Prefabs/Environment/Liquid/Drip/WaterDrip.prefab
  artifactKey: Guid(df50440b921464944bf88e5e81fdacd1) Importer(815301076,1909f56bfc062723c751e8b465ee728b)
Start importing Assets/Art/IMPORTED/Polygon Arsenal/Prefabs/Environment/Liquid/Drip/WaterDrip.prefab using Guid(df50440b921464944bf88e5e81fdacd1) Importer(815301076,1909f56bfc062723c751e8b465ee728b)  -> (artifact id: '73028cb3f3529837eaeb9a406178fc7f') in 0.024042 seconds 
  Import took 0.031367 seconds .

========================================================================
Received Import Request.
  Time since last request: 0.000475 seconds.
  path: Assets/Art/IMPORTED/Polygon Arsenal/Prefabs/Environment/Liquid/Drip/SlimeDrip.prefab
  artifactKey: Guid(2e1c0b8011b0f2f469b6177bfbe55a65) Importer(815301076,1909f56bfc062723c751e8b465ee728b)
Start importing Assets/Art/IMPORTED/Polygon Arsenal/Prefabs/Environment/Liquid/Drip/SlimeDrip.prefab using Guid(2e1c0b8011b0f2f469b6177bfbe55a65) Importer(815301076,1909f56bfc062723c751e8b465ee728b)  -> (artifact id: '5465ba1b2f9186fe74c0b351344afd30') in 0.018551 seconds 
  Import took 0.025961 seconds .

========================================================================
Received Import Request.
  Time since last request: 0.733089 seconds.
  path: Assets/Art/IMPORTED/Polygon Arsenal/Models/PolySphereSmall.FBX
  artifactKey: Guid(f23d1cdf4b40737488ce8a40b040b22d) Importer(815301076,1909f56bfc062723c751e8b465ee728b)
Start importing Assets/Art/IMPORTED/Polygon Arsenal/Models/PolySphereSmall.FBX using Guid(f23d1cdf4b40737488ce8a40b040b22d) Importer(815301076,1909f56bfc062723c751e8b465ee728b)  -> (artifact id: '4aee322dfec3ef6d78e0fb5c1b91332c') in 0.041892 seconds 
  Import took 0.049864 seconds .

========================================================================
Received Prepare
Registering precompiled user dll's ...
Registered in 0.005556 seconds.
Begin MonoManager ReloadAssembly
Native extension for WindowsStandalone target not found
Refreshing native plugins compatible for Editor in 2.11 ms, found 2 plugins.
Preloading 0 native plugins for Editor in 0.00 ms.
Mono: successfully reloaded assembly
- Completed reload, in  1.215 seconds
Domain Reload Profiling:
	ReloadAssembly (1215ms)
		BeginReloadAssembly (110ms)
			ExecutionOrderSort (0ms)
			DisableScriptedObjects (6ms)
			BackupInstance (0ms)
			ReleaseScriptingObjects (0ms)
			CreateAndSetChildDomain (47ms)
		EndReloadAssembly (1054ms)
			LoadAssemblies (79ms)
			RebuildTransferFunctionScriptingTraits (0ms)
			SetupTypeCache (271ms)
			ReleaseScriptCaches (2ms)
			RebuildScriptCaches (45ms)
			SetupLoadedEditorAssemblies (529ms)
				LogAssemblyErrors (0ms)
				InitializePlatformSupportModulesInManaged (4ms)
				SetLoadedEditorAssemblies (0ms)
				RefreshPlugins (2ms)
				BeforeProcessingInitializeOnLoad (81ms)
				ProcessInitializeOnLoadAttributes (431ms)
				ProcessInitializeOnLoadMethodAttributes (4ms)
				AfterProcessingInitializeOnLoad (6ms)
				EditorAssembliesLoaded (0ms)
			ExecutionOrderSort2 (0ms)
			AwakeInstancesAfterBackupRestoration (13ms)
Platform modules already initialized, skipping
Shader 'BOXOPHOBIC/Polyverse Skies/Simple': fallback shader 'False' not found
Shader 'BOXOPHOBIC/Polyverse Skies/Standard': fallback shader 'False' not found
Refreshing native plugins compatible for Editor in 2.29 ms, found 2 plugins.
Preloading 0 native plugins for Editor in 0.00 ms.
Unloading 3129 Unused Serialized files (Serialized files now loaded: 0)
System memory in use before: 151.4 MB.
System memory in use after: 151.7 MB.

Unloading 16 unused Assets to reduce memory usage. Loaded Objects now: 3833.
Total: 4.890800 ms (FindLiveObjects: 0.384100 ms CreateObjectMapping: 0.116900 ms MarkObjects: 4.341200 ms  DeleteObjects: 0.046600 ms)

AssetImportParameters requested are different than current active one (requested -> active):
  custom:framework-win-MediaFoundation: 216162199b28c13a410421893ffa2e32 -> 
  custom:video-decoder-ogg-theora: a1e56fd34408186e4bbccfd4996cb3dc -> 
  custom:container-muxer-webm: aa71ff27fc2769a1b78a27578f13a17b -> 
  custom:container-demuxer-webm: 4f35f7cbe854078d1ac9338744f61a02 -> 
  custom:container-demuxer-ogg: 62fdf1f143b41e24485cea50d1cbac27 -> 
  custom:video-encoder-webm-vp8: eb34c28f22e8b96e1ab97ce403110664 -> 
  custom:video-codec-MediaFoundation-h265: 746d11721c4dcdbdad8f713fa42b33f4 -> 
  custom:video-decoder-webm-vp8: 9c59270c3fd7afecdb556c50c9e8de78 -> 
  custom:audio-decoder-ogg-vorbis: bf7c407c2cedff20999df2af8eb42d56 -> 
  custom:audio-encoder-webm-vorbis: bf7c407c2cedff20999df2af8eb42d56 -> 
========================================================================
Received Import Request.
  Time since last request: 60.461642 seconds.
  path: Assets/Scripts/Idle.cs
  artifactKey: Guid(c6383ac56b65b574890dbc871683f8f9) Importer(815301076,1909f56bfc062723c751e8b465ee728b)
Start importing Assets/Scripts/Idle.cs using Guid(c6383ac56b65b574890dbc871683f8f9) Importer(815301076,1909f56bfc062723c751e8b465ee728b)  -> (artifact id: '7cde60e571a0a04704f3c397d626adcc') in 0.014899 seconds 
  Import took 0.024878 seconds .

========================================================================
Received Import Request.
  Time since last request: 0.010259 seconds.
  path: Assets/Scripts/Idle.cs
  artifactKey: Guid(c6383ac56b65b574890dbc871683f8f9) Importer(815301076,1909f56bfc062723c751e8b465ee728b)
Start importing Assets/Scripts/Idle.cs using Guid(c6383ac56b65b574890dbc871683f8f9) Importer(815301076,1909f56bfc062723c751e8b465ee728b)  -> (artifact id: '7cde60e571a0a04704f3c397d626adcc') in 0.002994 seconds 
  Import took 0.011907 seconds .

========================================================================
Received Prepare
Registering precompiled user dll's ...
Registered in 0.006597 seconds.
Begin MonoManager ReloadAssembly
Native extension for WindowsStandalone target not found
Refreshing native plugins compatible for Editor in 2.47 ms, found 2 plugins.
Preloading 0 native plugins for Editor in 0.00 ms.
Mono: successfully reloaded assembly
- Completed reload, in  1.279 seconds
Domain Reload Profiling:
	ReloadAssembly (1279ms)
		BeginReloadAssembly (122ms)
			ExecutionOrderSort (0ms)
			DisableScriptedObjects (5ms)
			BackupInstance (0ms)
			ReleaseScriptingObjects (0ms)
			CreateAndSetChildDomain (47ms)
		EndReloadAssembly (1097ms)
			LoadAssemblies (97ms)
			RebuildTransferFunctionScriptingTraits (0ms)
			SetupTypeCache (268ms)
			ReleaseScriptCaches (1ms)
			RebuildScriptCaches (41ms)
			SetupLoadedEditorAssemblies (564ms)
				LogAssemblyErrors (0ms)
				InitializePlatformSupportModulesInManaged (4ms)
				SetLoadedEditorAssemblies (0ms)
				RefreshPlugins (3ms)
				BeforeProcessingInitializeOnLoad (82ms)
				ProcessInitializeOnLoadAttributes (466ms)
				ProcessInitializeOnLoadMethodAttributes (4ms)
				AfterProcessingInitializeOnLoad (6ms)
				EditorAssembliesLoaded (0ms)
			ExecutionOrderSort2 (0ms)
			AwakeInstancesAfterBackupRestoration (17ms)
Platform modules already initialized, skipping
Shader 'BOXOPHOBIC/Polyverse Skies/Simple': fallback shader 'False' not found
Shader 'BOXOPHOBIC/Polyverse Skies/Standard': fallback shader 'False' not found
Refreshing native plugins compatible for Editor in 2.39 ms, found 2 plugins.
Preloading 0 native plugins for Editor in 0.00 ms.
Unloading 3130 Unused Serialized files (Serialized files now loaded: 0)
System memory in use before: 151.5 MB.
System memory in use after: 151.7 MB.

Unloading 16 unused Assets to reduce memory usage. Loaded Objects now: 3836.
Total: 6.392800 ms (FindLiveObjects: 0.835900 ms CreateObjectMapping: 0.425700 ms MarkObjects: 5.094800 ms  DeleteObjects: 0.032200 ms)

AssetImportParameters requested are different than current active one (requested -> active):
  custom:framework-win-MediaFoundation: 216162199b28c13a410421893ffa2e32 -> 
  custom:video-decoder-ogg-theora: a1e56fd34408186e4bbccfd4996cb3dc -> 
  custom:container-muxer-webm: aa71ff27fc2769a1b78a27578f13a17b -> 
  custom:container-demuxer-webm: 4f35f7cbe854078d1ac9338744f61a02 -> 
  custom:container-demuxer-ogg: 62fdf1f143b41e24485cea50d1cbac27 -> 
  custom:video-encoder-webm-vp8: eb34c28f22e8b96e1ab97ce403110664 -> 
  custom:video-codec-MediaFoundation-h265: 746d11721c4dcdbdad8f713fa42b33f4 -> 
  custom:video-decoder-webm-vp8: 9c59270c3fd7afecdb556c50c9e8de78 -> 
  custom:audio-decoder-ogg-vorbis: bf7c407c2cedff20999df2af8eb42d56 -> 
  custom:audio-encoder-webm-vorbis: bf7c407c2cedff20999df2af8eb42d56 -> 
========================================================================
Received Prepare
Registering precompiled user dll's ...
Registered in 0.009482 seconds.
Begin MonoManager ReloadAssembly
Native extension for WindowsStandalone target not found
Refreshing native plugins compatible for Editor in 3.42 ms, found 2 plugins.
Preloading 0 native plugins for Editor in 0.00 ms.
Mono: successfully reloaded assembly
- Completed reload, in  1.422 seconds
Domain Reload Profiling:
	ReloadAssembly (1423ms)
		BeginReloadAssembly (127ms)
			ExecutionOrderSort (0ms)
			DisableScriptedObjects (5ms)
			BackupInstance (0ms)
			ReleaseScriptingObjects (0ms)
			CreateAndSetChildDomain (42ms)
		EndReloadAssembly (1221ms)
			LoadAssemblies (97ms)
			RebuildTransferFunctionScriptingTraits (0ms)
			SetupTypeCache (273ms)
			ReleaseScriptCaches (2ms)
			RebuildScriptCaches (51ms)
			SetupLoadedEditorAssemblies (648ms)
				LogAssemblyErrors (0ms)
				InitializePlatformSupportModulesInManaged (5ms)
				SetLoadedEditorAssemblies (1ms)
				RefreshPlugins (4ms)
				BeforeProcessingInitializeOnLoad (141ms)
				ProcessInitializeOnLoadAttributes (487ms)
				ProcessInitializeOnLoadMethodAttributes (5ms)
				AfterProcessingInitializeOnLoad (5ms)
				EditorAssembliesLoaded (0ms)
			ExecutionOrderSort2 (0ms)
			AwakeInstancesAfterBackupRestoration (16ms)
Platform modules already initialized, skipping
Shader 'BOXOPHOBIC/Polyverse Skies/Simple': fallback shader 'False' not found
Shader 'BOXOPHOBIC/Polyverse Skies/Standard': fallback shader 'False' not found
Refreshing native plugins compatible for Editor in 2.54 ms, found 2 plugins.
Preloading 0 native plugins for Editor in 0.00 ms.
Unloading 3130 Unused Serialized files (Serialized files now loaded: 0)
System memory in use before: 151.5 MB.
System memory in use after: 151.7 MB.

Unloading 16 unused Assets to reduce memory usage. Loaded Objects now: 3838.
Total: 7.756500 ms (FindLiveObjects: 0.385600 ms CreateObjectMapping: 0.116000 ms MarkObjects: 7.212900 ms  DeleteObjects: 0.039900 ms)

AssetImportParameters requested are different than current active one (requested -> active):
  custom:framework-win-MediaFoundation: 216162199b28c13a410421893ffa2e32 -> 
  custom:video-decoder-ogg-theora: a1e56fd34408186e4bbccfd4996cb3dc -> 
  custom:container-muxer-webm: aa71ff27fc2769a1b78a27578f13a17b -> 
  custom:container-demuxer-webm: 4f35f7cbe854078d1ac9338744f61a02 -> 
  custom:container-demuxer-ogg: 62fdf1f143b41e24485cea50d1cbac27 -> 
  custom:video-encoder-webm-vp8: eb34c28f22e8b96e1ab97ce403110664 -> 
  custom:video-codec-MediaFoundation-h265: 746d11721c4dcdbdad8f713fa42b33f4 -> 
  custom:video-decoder-webm-vp8: 9c59270c3fd7afecdb556c50c9e8de78 -> 
  custom:audio-decoder-ogg-vorbis: bf7c407c2cedff20999df2af8eb42d56 -> 
  custom:audio-encoder-webm-vorbis: bf7c407c2cedff20999df2af8eb42d56 -> 
========================================================================
Received Prepare
Registering precompiled user dll's ...
Registered in 0.006223 seconds.
Begin MonoManager ReloadAssembly
Native extension for WindowsStandalone target not found
Refreshing native plugins compatible for Editor in 2.73 ms, found 2 plugins.
Preloading 0 native plugins for Editor in 0.00 ms.
Mono: successfully reloaded assembly
- Completed reload, in  1.297 seconds
Domain Reload Profiling:
	ReloadAssembly (1297ms)
		BeginReloadAssembly (145ms)
			ExecutionOrderSort (0ms)
			DisableScriptedObjects (4ms)
			BackupInstance (0ms)
			ReleaseScriptingObjects (0ms)
			CreateAndSetChildDomain (61ms)
		EndReloadAssembly (1098ms)
			LoadAssemblies (82ms)
			RebuildTransferFunctionScriptingTraits (0ms)
			SetupTypeCache (252ms)
			ReleaseScriptCaches (1ms)
			RebuildScriptCaches (43ms)
			SetupLoadedEditorAssemblies (580ms)
				LogAssemblyErrors (0ms)
				InitializePlatformSupportModulesInManaged (5ms)
				SetLoadedEditorAssemblies (1ms)
				RefreshPlugins (3ms)
				BeforeProcessingInitializeOnLoad (87ms)
				ProcessInitializeOnLoadAttributes (474ms)
				ProcessInitializeOnLoadMethodAttributes (4ms)
				AfterProcessingInitializeOnLoad (5ms)
				EditorAssembliesLoaded (1ms)
			ExecutionOrderSort2 (0ms)
			AwakeInstancesAfterBackupRestoration (16ms)
Platform modules already initialized, skipping
Shader 'BOXOPHOBIC/Polyverse Skies/Simple': fallback shader 'False' not found
Shader 'BOXOPHOBIC/Polyverse Skies/Standard': fallback shader 'False' not found
Refreshing native plugins compatible for Editor in 3.38 ms, found 2 plugins.
Preloading 0 native plugins for Editor in 0.00 ms.
Unloading 3130 Unused Serialized files (Serialized files now loaded: 0)
System memory in use before: 151.5 MB.
System memory in use after: 151.7 MB.

Unloading 16 unused Assets to reduce memory usage. Loaded Objects now: 3840.
Total: 9.339700 ms (FindLiveObjects: 0.605800 ms CreateObjectMapping: 0.120900 ms MarkObjects: 8.567200 ms  DeleteObjects: 0.043300 ms)

AssetImportParameters requested are different than current active one (requested -> active):
  custom:framework-win-MediaFoundation: 216162199b28c13a410421893ffa2e32 -> 
  custom:video-decoder-ogg-theora: a1e56fd34408186e4bbccfd4996cb3dc -> 
  custom:container-muxer-webm: aa71ff27fc2769a1b78a27578f13a17b -> 
  custom:container-demuxer-webm: 4f35f7cbe854078d1ac9338744f61a02 -> 
  custom:container-demuxer-ogg: 62fdf1f143b41e24485cea50d1cbac27 -> 
  custom:video-encoder-webm-vp8: eb34c28f22e8b96e1ab97ce403110664 -> 
  custom:video-codec-MediaFoundation-h265: 746d11721c4dcdbdad8f713fa42b33f4 -> 
  custom:video-decoder-webm-vp8: 9c59270c3fd7afecdb556c50c9e8de78 -> 
  custom:audio-decoder-ogg-vorbis: bf7c407c2cedff20999df2af8eb42d56 -> 
  custom:audio-encoder-webm-vorbis: bf7c407c2cedff20999df2af8eb42d56 -> 
========================================================================
Received Prepare
Registering precompiled user dll's ...
Registered in 0.005133 seconds.
Begin MonoManager ReloadAssembly
Native extension for WindowsStandalone target not found
Refreshing native plugins compatible for Editor in 2.13 ms, found 2 plugins.
Preloading 0 native plugins for Editor in 0.00 ms.
Mono: successfully reloaded assembly
- Completed reload, in  1.246 seconds
Domain Reload Profiling:
	ReloadAssembly (1246ms)
		BeginReloadAssembly (109ms)
			ExecutionOrderSort (0ms)
			DisableScriptedObjects (4ms)
			BackupInstance (0ms)
			ReleaseScriptingObjects (0ms)
			CreateAndSetChildDomain (39ms)
		EndReloadAssembly (1086ms)
			LoadAssemblies (79ms)
			RebuildTransferFunctionScriptingTraits (0ms)
			SetupTypeCache (306ms)
			ReleaseScriptCaches (2ms)
			RebuildScriptCaches (42ms)
			SetupLoadedEditorAssemblies (531ms)
				LogAssemblyErrors (0ms)
				InitializePlatformSupportModulesInManaged (4ms)
				SetLoadedEditorAssemblies (0ms)
				RefreshPlugins (2ms)
				BeforeProcessingInitializeOnLoad (78ms)
				ProcessInitializeOnLoadAttributes (438ms)
				ProcessInitializeOnLoadMethodAttributes (4ms)
				AfterProcessingInitializeOnLoad (5ms)
				EditorAssembliesLoaded (0ms)
			ExecutionOrderSort2 (0ms)
			AwakeInstancesAfterBackupRestoration (14ms)
Platform modules already initialized, skipping
Shader 'BOXOPHOBIC/Polyverse Skies/Simple': fallback shader 'False' not found
Shader 'BOXOPHOBIC/Polyverse Skies/Standard': fallback shader 'False' not found
Refreshing native plugins compatible for Editor in 3.24 ms, found 2 plugins.
Preloading 0 native plugins for Editor in 0.00 ms.
Unloading 3130 Unused Serialized files (Serialized files now loaded: 0)
System memory in use before: 151.5 MB.
System memory in use after: 151.7 MB.

Unloading 16 unused Assets to reduce memory usage. Loaded Objects now: 3842.
Total: 5.112900 ms (FindLiveObjects: 0.386400 ms CreateObjectMapping: 0.253500 ms MarkObjects: 4.445400 ms  DeleteObjects: 0.026200 ms)

AssetImportParameters requested are different than current active one (requested -> active):
  custom:framework-win-MediaFoundation: 216162199b28c13a410421893ffa2e32 -> 
  custom:video-decoder-ogg-theora: a1e56fd34408186e4bbccfd4996cb3dc -> 
  custom:container-muxer-webm: aa71ff27fc2769a1b78a27578f13a17b -> 
  custom:container-demuxer-webm: 4f35f7cbe854078d1ac9338744f61a02 -> 
  custom:container-demuxer-ogg: 62fdf1f143b41e24485cea50d1cbac27 -> 
  custom:video-encoder-webm-vp8: eb34c28f22e8b96e1ab97ce403110664 -> 
  custom:video-codec-MediaFoundation-h265: 746d11721c4dcdbdad8f713fa42b33f4 -> 
  custom:video-decoder-webm-vp8: 9c59270c3fd7afecdb556c50c9e8de78 -> 
  custom:audio-decoder-ogg-vorbis: bf7c407c2cedff20999df2af8eb42d56 -> 
  custom:audio-encoder-webm-vorbis: bf7c407c2cedff20999df2af8eb42d56 -> 
========================================================================
Received Prepare
Registering precompiled user dll's ...
Registered in 0.005380 seconds.
Begin MonoManager ReloadAssembly
Native extension for WindowsStandalone target not found
Refreshing native plugins compatible for Editor in 1.90 ms, found 2 plugins.
Preloading 0 native plugins for Editor in 0.00 ms.
Mono: successfully reloaded assembly
- Completed reload, in  1.093 seconds
Domain Reload Profiling:
	ReloadAssembly (1094ms)
		BeginReloadAssembly (108ms)
			ExecutionOrderSort (0ms)
			DisableScriptedObjects (4ms)
			BackupInstance (0ms)
			ReleaseScriptingObjects (0ms)
			CreateAndSetChildDomain (39ms)
		EndReloadAssembly (931ms)
			LoadAssemblies (71ms)
			RebuildTransferFunctionScriptingTraits (0ms)
			SetupTypeCache (234ms)
			ReleaseScriptCaches (1ms)
			RebuildScriptCaches (39ms)
			SetupLoadedEditorAssemblies (465ms)
				LogAssemblyErrors (0ms)
				InitializePlatformSupportModulesInManaged (4ms)
				SetLoadedEditorAssemblies (0ms)
				RefreshPlugins (2ms)
				BeforeProcessingInitializeOnLoad (78ms)
				ProcessInitializeOnLoadAttributes (371ms)
				ProcessInitializeOnLoadMethodAttributes (4ms)
				AfterProcessingInitializeOnLoad (6ms)
				EditorAssembliesLoaded (0ms)
			ExecutionOrderSort2 (0ms)
			AwakeInstancesAfterBackupRestoration (13ms)
Platform modules already initialized, skipping
Shader 'BOXOPHOBIC/Polyverse Skies/Simple': fallback shader 'False' not found
Shader 'BOXOPHOBIC/Polyverse Skies/Standard': fallback shader 'False' not found
Refreshing native plugins compatible for Editor in 3.09 ms, found 2 plugins.
Preloading 0 native plugins for Editor in 0.00 ms.
Unloading 3130 Unused Serialized files (Serialized files now loaded: 0)
System memory in use before: 151.5 MB.
System memory in use after: 151.7 MB.

Unloading 16 unused Assets to reduce memory usage. Loaded Objects now: 3844.
Total: 4.680600 ms (FindLiveObjects: 0.324300 ms CreateObjectMapping: 0.085400 ms MarkObjects: 4.244800 ms  DeleteObjects: 0.024300 ms)

AssetImportParameters requested are different than current active one (requested -> active):
  custom:framework-win-MediaFoundation: 216162199b28c13a410421893ffa2e32 -> 
  custom:video-decoder-ogg-theora: a1e56fd34408186e4bbccfd4996cb3dc -> 
  custom:container-muxer-webm: aa71ff27fc2769a1b78a27578f13a17b -> 
  custom:container-demuxer-webm: 4f35f7cbe854078d1ac9338744f61a02 -> 
  custom:container-demuxer-ogg: 62fdf1f143b41e24485cea50d1cbac27 -> 
  custom:video-encoder-webm-vp8: eb34c28f22e8b96e1ab97ce403110664 -> 
  custom:video-codec-MediaFoundation-h265: 746d11721c4dcdbdad8f713fa42b33f4 -> 
  custom:video-decoder-webm-vp8: 9c59270c3fd7afecdb556c50c9e8de78 -> 
  custom:audio-decoder-ogg-vorbis: bf7c407c2cedff20999df2af8eb42d56 -> 
  custom:audio-encoder-webm-vorbis: bf7c407c2cedff20999df2af8eb42d56 -> 
========================================================================
Received Prepare
Registering precompiled user dll's ...
Registered in 0.006030 seconds.
Begin MonoManager ReloadAssembly
Native extension for WindowsStandalone target not found
Refreshing native plugins compatible for Editor in 2.48 ms, found 2 plugins.
Preloading 0 native plugins for Editor in 0.00 ms.
Mono: successfully reloaded assembly
- Completed reload, in  1.254 seconds
Domain Reload Profiling:
	ReloadAssembly (1255ms)
		BeginReloadAssembly (110ms)
			ExecutionOrderSort (0ms)
			DisableScriptedObjects (6ms)
			BackupInstance (0ms)
			ReleaseScriptingObjects (0ms)
			CreateAndSetChildDomain (44ms)
		EndReloadAssembly (1085ms)
			LoadAssemblies (83ms)
			RebuildTransferFunctionScriptingTraits (0ms)
			SetupTypeCache (301ms)
			ReleaseScriptCaches (2ms)
			RebuildScriptCaches (41ms)
			SetupLoadedEditorAssemblies (529ms)
				LogAssemblyErrors (0ms)
				InitializePlatformSupportModulesInManaged (4ms)
				SetLoadedEditorAssemblies (0ms)
				RefreshPlugins (3ms)
				BeforeProcessingInitializeOnLoad (77ms)
				ProcessInitializeOnLoadAttributes (432ms)
				ProcessInitializeOnLoadMethodAttributes (5ms)
				AfterProcessingInitializeOnLoad (7ms)
				EditorAssembliesLoaded (1ms)
			ExecutionOrderSort2 (0ms)
			AwakeInstancesAfterBackupRestoration (21ms)
Platform modules already initialized, skipping
Shader 'BOXOPHOBIC/Polyverse Skies/Simple': fallback shader 'False' not found
Shader 'BOXOPHOBIC/Polyverse Skies/Standard': fallback shader 'False' not found
Refreshing native plugins compatible for Editor in 2.15 ms, found 2 plugins.
Preloading 0 native plugins for Editor in 0.00 ms.
Unloading 3130 Unused Serialized files (Serialized files now loaded: 0)
System memory in use before: 151.5 MB.
System memory in use after: 151.7 MB.

Unloading 16 unused Assets to reduce memory usage. Loaded Objects now: 3846.
Total: 3.950000 ms (FindLiveObjects: 0.358900 ms CreateObjectMapping: 0.088700 ms MarkObjects: 3.479300 ms  DeleteObjects: 0.022300 ms)

AssetImportParameters requested are different than current active one (requested -> active):
  custom:framework-win-MediaFoundation: 216162199b28c13a410421893ffa2e32 -> 
  custom:video-decoder-ogg-theora: a1e56fd34408186e4bbccfd4996cb3dc -> 
  custom:container-muxer-webm: aa71ff27fc2769a1b78a27578f13a17b -> 
  custom:container-demuxer-webm: 4f35f7cbe854078d1ac9338744f61a02 -> 
  custom:container-demuxer-ogg: 62fdf1f143b41e24485cea50d1cbac27 -> 
  custom:video-encoder-webm-vp8: eb34c28f22e8b96e1ab97ce403110664 -> 
  custom:video-codec-MediaFoundation-h265: 746d11721c4dcdbdad8f713fa42b33f4 -> 
  custom:video-decoder-webm-vp8: 9c59270c3fd7afecdb556c50c9e8de78 -> 
  custom:audio-decoder-ogg-vorbis: bf7c407c2cedff20999df2af8eb42d56 -> 
  custom:audio-encoder-webm-vorbis: bf7c407c2cedff20999df2af8eb42d56 -> 
========================================================================
Received Prepare
Registering precompiled user dll's ...
Registered in 0.005981 seconds.
Begin MonoManager ReloadAssembly
Native extension for WindowsStandalone target not found
Refreshing native plugins compatible for Editor in 2.40 ms, found 2 plugins.
Preloading 0 native plugins for Editor in 0.00 ms.
Mono: successfully reloaded assembly
- Completed reload, in  1.313 seconds
Domain Reload Profiling:
	ReloadAssembly (1313ms)
		BeginReloadAssembly (120ms)
			ExecutionOrderSort (0ms)
			DisableScriptedObjects (7ms)
			BackupInstance (0ms)
			ReleaseScriptingObjects (0ms)
			CreateAndSetChildDomain (45ms)
		EndReloadAssembly (1137ms)
			LoadAssemblies (84ms)
			RebuildTransferFunctionScriptingTraits (0ms)
			SetupTypeCache (298ms)
			ReleaseScriptCaches (3ms)
			RebuildScriptCaches (45ms)
			SetupLoadedEditorAssemblies (564ms)
				LogAssemblyErrors (0ms)
				InitializePlatformSupportModulesInManaged (5ms)
				SetLoadedEditorAssemblies (0ms)
				RefreshPlugins (2ms)
				BeforeProcessingInitializeOnLoad (89ms)
				ProcessInitializeOnLoadAttributes (459ms)
				ProcessInitializeOnLoadMethodAttributes (4ms)
				AfterProcessingInitializeOnLoad (5ms)
				EditorAssembliesLoaded (0ms)
			ExecutionOrderSort2 (0ms)
			AwakeInstancesAfterBackupRestoration (14ms)
Platform modules already initialized, skipping
Shader 'BOXOPHOBIC/Polyverse Skies/Simple': fallback shader 'False' not found
Shader 'BOXOPHOBIC/Polyverse Skies/Standard': fallback shader 'False' not found
Refreshing native plugins compatible for Editor in 4.03 ms, found 2 plugins.
Preloading 0 native plugins for Editor in 0.00 ms.
Unloading 3130 Unused Serialized files (Serialized files now loaded: 0)
System memory in use before: 151.5 MB.
System memory in use after: 151.8 MB.

Unloading 16 unused Assets to reduce memory usage. Loaded Objects now: 3848.
Total: 5.179000 ms (FindLiveObjects: 0.479900 ms CreateObjectMapping: 0.176300 ms MarkObjects: 4.499500 ms  DeleteObjects: 0.022100 ms)

AssetImportParameters requested are different than current active one (requested -> active):
  custom:framework-win-MediaFoundation: 216162199b28c13a410421893ffa2e32 -> 
  custom:video-decoder-ogg-theora: a1e56fd34408186e4bbccfd4996cb3dc -> 
  custom:container-muxer-webm: aa71ff27fc2769a1b78a27578f13a17b -> 
  custom:container-demuxer-webm: 4f35f7cbe854078d1ac9338744f61a02 -> 
  custom:container-demuxer-ogg: 62fdf1f143b41e24485cea50d1cbac27 -> 
  custom:video-encoder-webm-vp8: eb34c28f22e8b96e1ab97ce403110664 -> 
  custom:video-codec-MediaFoundation-h265: 746d11721c4dcdbdad8f713fa42b33f4 -> 
  custom:video-decoder-webm-vp8: 9c59270c3fd7afecdb556c50c9e8de78 -> 
  custom:audio-decoder-ogg-vorbis: bf7c407c2cedff20999df2af8eb42d56 -> 
  custom:audio-encoder-webm-vorbis: bf7c407c2cedff20999df2af8eb42d56 -> 
========================================================================
Received Prepare
Registering precompiled user dll's ...
Registered in 0.004967 seconds.
Begin MonoManager ReloadAssembly
Native extension for WindowsStandalone target not found
Refreshing native plugins compatible for Editor in 2.81 ms, found 2 plugins.
Preloading 0 native plugins for Editor in 0.00 ms.
Mono: successfully reloaded assembly
- Completed reload, in  1.134 seconds
Domain Reload Profiling:
	ReloadAssembly (1134ms)
		BeginReloadAssembly (124ms)
			ExecutionOrderSort (0ms)
			DisableScriptedObjects (5ms)
			BackupInstance (0ms)
			ReleaseScriptingObjects (0ms)
			CreateAndSetChildDomain (46ms)
		EndReloadAssembly (962ms)
			LoadAssemblies (82ms)
			RebuildTransferFunctionScriptingTraits (0ms)
			SetupTypeCache (227ms)
			ReleaseScriptCaches (2ms)
			RebuildScriptCaches (34ms)
			SetupLoadedEditorAssemblies (482ms)
				LogAssemblyErrors (0ms)
				InitializePlatformSupportModulesInManaged (4ms)
				SetLoadedEditorAssemblies (0ms)
				RefreshPlugins (3ms)
				BeforeProcessingInitializeOnLoad (89ms)
				ProcessInitializeOnLoadAttributes (377ms)
				ProcessInitializeOnLoadMethodAttributes (3ms)
				AfterProcessingInitializeOnLoad (5ms)
				EditorAssembliesLoaded (0ms)
			ExecutionOrderSort2 (0ms)
			AwakeInstancesAfterBackupRestoration (17ms)
Platform modules already initialized, skipping
Shader 'BOXOPHOBIC/Polyverse Skies/Simple': fallback shader 'False' not found
Shader 'BOXOPHOBIC/Polyverse Skies/Standard': fallback shader 'False' not found
Refreshing native plugins compatible for Editor in 2.57 ms, found 2 plugins.
Preloading 0 native plugins for Editor in 0.00 ms.
Unloading 3130 Unused Serialized files (Serialized files now loaded: 0)
System memory in use before: 151.5 MB.
System memory in use after: 151.8 MB.

Unloading 16 unused Assets to reduce memory usage. Loaded Objects now: 3850.
Total: 6.289200 ms (FindLiveObjects: 0.496600 ms CreateObjectMapping: 0.239200 ms MarkObjects: 5.504800 ms  DeleteObjects: 0.046900 ms)

AssetImportParameters requested are different than current active one (requested -> active):
  custom:framework-win-MediaFoundation: 216162199b28c13a410421893ffa2e32 -> 
  custom:video-decoder-ogg-theora: a1e56fd34408186e4bbccfd4996cb3dc -> 
  custom:container-muxer-webm: aa71ff27fc2769a1b78a27578f13a17b -> 
  custom:container-demuxer-webm: 4f35f7cbe854078d1ac9338744f61a02 -> 
  custom:container-demuxer-ogg: 62fdf1f143b41e24485cea50d1cbac27 -> 
  custom:video-encoder-webm-vp8: eb34c28f22e8b96e1ab97ce403110664 -> 
  custom:video-codec-MediaFoundation-h265: 746d11721c4dcdbdad8f713fa42b33f4 -> 
  custom:video-decoder-webm-vp8: 9c59270c3fd7afecdb556c50c9e8de78 -> 
  custom:audio-decoder-ogg-vorbis: bf7c407c2cedff20999df2af8eb42d56 -> 
  custom:audio-encoder-webm-vorbis: bf7c407c2cedff20999df2af8eb42d56 -> 
========================================================================
Received Prepare
Registering precompiled user dll's ...
Registered in 0.004802 seconds.
Begin MonoManager ReloadAssembly
Native extension for WindowsStandalone target not found
Refreshing native plugins compatible for Editor in 1.85 ms, found 2 plugins.
Preloading 0 native plugins for Editor in 0.00 ms.
Mono: successfully reloaded assembly
- Completed reload, in  1.080 seconds
Domain Reload Profiling:
	ReloadAssembly (1080ms)
		BeginReloadAssembly (106ms)
			ExecutionOrderSort (0ms)
			DisableScriptedObjects (4ms)
			BackupInstance (0ms)
			ReleaseScriptingObjects (0ms)
			CreateAndSetChildDomain (38ms)
		EndReloadAssembly (925ms)
			LoadAssemblies (72ms)
			RebuildTransferFunctionScriptingTraits (0ms)
			SetupTypeCache (250ms)
			ReleaseScriptCaches (1ms)
			RebuildScriptCaches (37ms)
			SetupLoadedEditorAssemblies (451ms)
				LogAssemblyErrors (0ms)
				InitializePlatformSupportModulesInManaged (4ms)
				SetLoadedEditorAssemblies (0ms)
				RefreshPlugins (2ms)
				BeforeProcessingInitializeOnLoad (76ms)
				ProcessInitializeOnLoadAttributes (360ms)
				ProcessInitializeOnLoadMethodAttributes (3ms)
				AfterProcessingInitializeOnLoad (5ms)
				EditorAssembliesLoaded (0ms)
			ExecutionOrderSort2 (0ms)
			AwakeInstancesAfterBackupRestoration (13ms)
Platform modules already initialized, skipping
Shader 'BOXOPHOBIC/Polyverse Skies/Simple': fallback shader 'False' not found
Shader 'BOXOPHOBIC/Polyverse Skies/Standard': fallback shader 'False' not found
Refreshing native plugins compatible for Editor in 2.07 ms, found 2 plugins.
Preloading 0 native plugins for Editor in 0.00 ms.
Unloading 3130 Unused Serialized files (Serialized files now loaded: 0)
System memory in use before: 151.5 MB.
System memory in use after: 151.8 MB.

Unloading 16 unused Assets to reduce memory usage. Loaded Objects now: 3852.
Total: 4.160000 ms (FindLiveObjects: 0.492000 ms CreateObjectMapping: 0.121900 ms MarkObjects: 3.520000 ms  DeleteObjects: 0.025000 ms)

AssetImportParameters requested are different than current active one (requested -> active):
  custom:framework-win-MediaFoundation: 216162199b28c13a410421893ffa2e32 -> 
  custom:video-decoder-ogg-theora: a1e56fd34408186e4bbccfd4996cb3dc -> 
  custom:container-muxer-webm: aa71ff27fc2769a1b78a27578f13a17b -> 
  custom:container-demuxer-webm: 4f35f7cbe854078d1ac9338744f61a02 -> 
  custom:container-demuxer-ogg: 62fdf1f143b41e24485cea50d1cbac27 -> 
  custom:video-encoder-webm-vp8: eb34c28f22e8b96e1ab97ce403110664 -> 
  custom:video-codec-MediaFoundation-h265: 746d11721c4dcdbdad8f713fa42b33f4 -> 
  custom:video-decoder-webm-vp8: 9c59270c3fd7afecdb556c50c9e8de78 -> 
  custom:audio-decoder-ogg-vorbis: bf7c407c2cedff20999df2af8eb42d56 -> 
  custom:audio-encoder-webm-vorbis: bf7c407c2cedff20999df2af8eb42d56 -> 
========================================================================
Received Prepare
Registering precompiled user dll's ...
Registered in 0.004408 seconds.
Begin MonoManager ReloadAssembly
Native extension for WindowsStandalone target not found
Refreshing native plugins compatible for Editor in 1.75 ms, found 2 plugins.
Preloading 0 native plugins for Editor in 0.00 ms.
Mono: successfully reloaded assembly
- Completed reload, in  0.972 seconds
Domain Reload Profiling:
	ReloadAssembly (973ms)
		BeginReloadAssembly (87ms)
			ExecutionOrderSort (0ms)
			DisableScriptedObjects (4ms)
			BackupInstance (0ms)
			ReleaseScriptingObjects (0ms)
			CreateAndSetChildDomain (30ms)
		EndReloadAssembly (842ms)
			LoadAssemblies (65ms)
			RebuildTransferFunctionScriptingTraits (0ms)
			SetupTypeCache (200ms)
			ReleaseScriptCaches (1ms)
			RebuildScriptCaches (31ms)
			SetupLoadedEditorAssemblies (443ms)
				LogAssemblyErrors (0ms)
				InitializePlatformSupportModulesInManaged (3ms)
				SetLoadedEditorAssemblies (0ms)
				RefreshPlugins (2ms)
				BeforeProcessingInitializeOnLoad (69ms)
				ProcessInitializeOnLoadAttributes (361ms)
				ProcessInitializeOnLoadMethodAttributes (3ms)
				AfterProcessingInitializeOnLoad (5ms)
				EditorAssembliesLoaded (0ms)
			ExecutionOrderSort2 (0ms)
			AwakeInstancesAfterBackupRestoration (11ms)
Platform modules already initialized, skipping
Shader 'BOXOPHOBIC/Polyverse Skies/Simple': fallback shader 'False' not found
Shader 'BOXOPHOBIC/Polyverse Skies/Standard': fallback shader 'False' not found
Refreshing native plugins compatible for Editor in 1.76 ms, found 2 plugins.
Preloading 0 native plugins for Editor in 0.00 ms.
Unloading 3130 Unused Serialized files (Serialized files now loaded: 0)
System memory in use before: 151.5 MB.
System memory in use after: 151.8 MB.

Unloading 16 unused Assets to reduce memory usage. Loaded Objects now: 3854.
Total: 5.269000 ms (FindLiveObjects: 0.395900 ms CreateObjectMapping: 0.169600 ms MarkObjects: 4.665700 ms  DeleteObjects: 0.036200 ms)

AssetImportParameters requested are different than current active one (requested -> active):
  custom:framework-win-MediaFoundation: 216162199b28c13a410421893ffa2e32 -> 
  custom:video-decoder-ogg-theora: a1e56fd34408186e4bbccfd4996cb3dc -> 
  custom:container-muxer-webm: aa71ff27fc2769a1b78a27578f13a17b -> 
  custom:container-demuxer-webm: 4f35f7cbe854078d1ac9338744f61a02 -> 
  custom:container-demuxer-ogg: 62fdf1f143b41e24485cea50d1cbac27 -> 
  custom:video-encoder-webm-vp8: eb34c28f22e8b96e1ab97ce403110664 -> 
  custom:video-codec-MediaFoundation-h265: 746d11721c4dcdbdad8f713fa42b33f4 -> 
  custom:video-decoder-webm-vp8: 9c59270c3fd7afecdb556c50c9e8de78 -> 
  custom:audio-decoder-ogg-vorbis: bf7c407c2cedff20999df2af8eb42d56 -> 
  custom:audio-encoder-webm-vorbis: bf7c407c2cedff20999df2af8eb42d56 -> 
AssetImportWorkerClient::OnTransportError - code=2 error=End of file
